Using pre-set license
Built from '2021.3/staging' branch; Version is '2021.3.14f1 (eee1884e7226) revision 15655304'; Using compiler version '192829333'; Build Type 'Release'
OS: 'Windows 10  (10.0.19045) 64bit Education' Language: 'ko' Physical Memory: 16318 MB
BatchMode: 1, IsHumanControllingUs: 0, StartBugReporterOnCrash: 0, Is64bit: 1, IsPro: 1

COMMAND LINE ARGUMENTS:
C:\Program Files\Unity\Hub\Editor\2021.3.14f1\Editor\Unity.exe
-adb2
-batchMode
-noUpm
-name
AssetImportWorker1
-projectPath
C:/Users/Administrator/Desktop/유니티 3 수업/Endless Run
-logFile
Logs/AssetImportWorker1.log
-srvPort
61471
Successfully changed project path to: C:/Users/Administrator/Desktop/유니티 3 수업/Endless Run
C:/Users/Administrator/Desktop/유니티 3 수업/Endless Run
[UnityMemory] Configuration Parameters - Can be set up in boot.config
    "memorysetup-bucket-allocator-granularity=16"
    "memorysetup-bucket-allocator-bucket-count=8"
    "memorysetup-bucket-allocator-block-size=33554432"
    "memorysetup-bucket-allocator-block-count=8"
    "memorysetup-main-allocator-block-size=16777216"
    "memorysetup-thread-allocator-block-size=16777216"
    "memorysetup-gfx-main-allocator-block-size=16777216"
    "memorysetup-gfx-thread-allocator-block-size=16777216"
    "memorysetup-cache-allocator-block-size=4194304"
    "memorysetup-typetree-allocator-block-size=2097152"
    "memorysetup-profiler-bucket-allocator-granularity=16"
    "memorysetup-profiler-bucket-allocator-bucket-count=8"
    "memorysetup-profiler-bucket-allocator-block-size=33554432"
    "memorysetup-profiler-bucket-allocator-block-count=8"
    "memorysetup-profiler-allocator-block-size=16777216"
    "memorysetup-profiler-editor-allocator-block-size=1048576"
    "memorysetup-temp-allocator-size-main=16777216"
    "memorysetup-job-temp-allocator-block-size=2097152"
    "memorysetup-job-temp-allocator-block-size-background=1048576"
    "memorysetup-job-temp-allocator-reduction-small-platforms=262144"
    "memorysetup-temp-allocator-size-background-worker=32768"
    "memorysetup-temp-allocator-size-job-worker=262144"
    "memorysetup-temp-allocator-size-preload-manager=33554432"
    "memorysetup-temp-allocator-size-nav-mesh-worker=65536"
    "memorysetup-temp-allocator-size-audio-worker=65536"
    "memorysetup-temp-allocator-size-cloud-worker=32768"
    "memorysetup-temp-allocator-size-gi-baking-worker=262144"
    "memorysetup-temp-allocator-size-gfx=262144"
Refreshing native plugins compatible for Editor in 86.73 ms, found 3 plugins.
Preloading 0 native plugins for Editor in 0.00 ms.
Initialize engine version: 2021.3.14f1 (eee1884e7226)
[Subsystems] Discovering subsystems at path C:/Program Files/Unity/Hub/Editor/2021.3.14f1/Editor/Data/Resources/UnitySubsystems
[Subsystems] Discovering subsystems at path C:/Users/Administrator/Desktop/유니티 3 수업/Endless Run/Assets
GfxDevice: creating device client; threaded=0; jobified=0
Direct3D:
    Version:  Direct3D 11.0 [level 11.1]
    Renderer: NVIDIA GeForce GTX 1660 (ID=0x2184)
    Vendor:   NVIDIA
    VRAM:     5980 MB
    Driver:   31.0.15.3623
Initialize mono
Mono path[0] = 'C:/Program Files/Unity/Hub/Editor/2021.3.14f1/Editor/Data/Managed'
Mono path[1] = 'C:/Program Files/Unity/Hub/Editor/2021.3.14f1/Editor/Data/MonoBleedingEdge/lib/mono/unityjit-win32'
Mono config path = 'C:/Program Files/Unity/Hub/Editor/2021.3.14f1/Editor/Data/MonoBleedingEdge/etc'
Using monoOptions --debugger-agent=transport=dt_socket,embedding=1,server=y,suspend=n,address=127.0.0.1:56472
Begin MonoManager ReloadAssembly
Registering precompiled unity dll's ...
Register platform support module: C:/Program Files/Unity/Hub/Editor/2021.3.14f1/Editor/Data/PlaybackEngines/AndroidPlayer/UnityEditor.Android.Extensions.dll
Register platform support module: C:/Program Files/Unity/Hub/Editor/2021.3.14f1/Editor/Data/PlaybackEngines/WindowsStandaloneSupport/UnityEditor.WindowsStandalone.Extensions.dll
Registered in 0.009427 seconds.
Native extension for WindowsStandalone target not found
Native extension for Android target not found
Refreshing native plugins compatible for Editor in 83.94 ms, found 3 plugins.
Preloading 0 native plugins for Editor in 0.00 ms.
Mono: successfully reloaded assembly
- Completed reload, in  0.675 seconds
Domain Reload Profiling:
	ReloadAssembly (675ms)
		BeginReloadAssembly (83ms)
			ExecutionOrderSort (0ms)
			DisableScriptedObjects (0ms)
			BackupInstance (0ms)
			ReleaseScriptingObjects (0ms)
			CreateAndSetChildDomain (1ms)
		EndReloadAssembly (479ms)
			LoadAssemblies (81ms)
			RebuildTransferFunctionScriptingTraits (0ms)
			SetupTypeCache (111ms)
			ReleaseScriptCaches (0ms)
			RebuildScriptCaches (33ms)
			SetupLoadedEditorAssemblies (283ms)
				LogAssemblyErrors (0ms)
				InitializePlatformSupportModulesInManaged (55ms)
				SetLoadedEditorAssemblies (0ms)
				RefreshPlugins (84ms)
				BeforeProcessingInitializeOnLoad (1ms)
				ProcessInitializeOnLoadAttributes (95ms)
				ProcessInitializeOnLoadMethodAttributes (48ms)
				AfterProcessingInitializeOnLoad (0ms)
				EditorAssembliesLoaded (0ms)
			ExecutionOrderSort2 (0ms)
			AwakeInstancesAfterBackupRestoration (0ms)
Platform modules already initialized, skipping
Registering precompiled user dll's ...
Registered in 0.007893 seconds.
Begin MonoManager ReloadAssembly
Symbol file LoadedFromMemory doesn't match image C:\Users\Administrator\Desktop\유니티 3 수업\Endless Run\Library\PackageCache\com.unity.visualscripting@1.7.8\Editor\VisualScripting.Core\Dependencies\YamlDotNet\Unity.VisualScripting.YamlDotNet.dll
Symbol file LoadedFromMemory doesn't match image C:\Users\Administrator\Desktop\유니티 3 수업\Endless Run\Library\PackageCache\com.unity.visualscripting@1.7.8\Editor\VisualScripting.Core\Dependencies\DotNetZip\Unity.VisualScripting.IonicZip.dll
Native extension for WindowsStandalone target not found
Native extension for Android target not found
Refreshing native plugins compatible for Editor in 1.03 ms, found 3 plugins.
Preloading 0 native plugins for Editor in 0.00 ms.
Mono: successfully reloaded assembly
- Completed reload, in  1.183 seconds
Domain Reload Profiling:
	ReloadAssembly (1184ms)
		BeginReloadAssembly (228ms)
			ExecutionOrderSort (0ms)
			DisableScriptedObjects (5ms)
			BackupInstance (0ms)
			ReleaseScriptingObjects (0ms)
			CreateAndSetChildDomain (129ms)
		EndReloadAssembly (837ms)
			LoadAssemblies (103ms)
			RebuildTransferFunctionScriptingTraits (0ms)
			SetupTypeCache (265ms)
			ReleaseScriptCaches (1ms)
			RebuildScriptCaches (52ms)
			SetupLoadedEditorAssemblies (390ms)
				LogAssemblyErrors (0ms)
				InitializePlatformSupportModulesInManaged (17ms)
				SetLoadedEditorAssemblies (1ms)
				RefreshPlugins (1ms)
				BeforeProcessingInitializeOnLoad (105ms)
				ProcessInitializeOnLoadAttributes (233ms)
				ProcessInitializeOnLoadMethodAttributes (23ms)
				AfterProcessingInitializeOnLoad (10ms)
				EditorAssembliesLoaded (0ms)
			ExecutionOrderSort2 (0ms)
			AwakeInstancesAfterBackupRestoration (7ms)
Platform modules already initialized, skipping
========================================================================
Worker process is ready to serve import requests
Launched and connected shader compiler UnityShaderCompiler.exe after 0.05 seconds
Refreshing native plugins compatible for Editor in 1.91 ms, found 3 plugins.
Preloading 0 native plugins for Editor in 0.00 ms.
Unloading 3378 Unused Serialized files (Serialized files now loaded: 0)
Unloading 27 unused Assets / (113.8 KB). Loaded Objects now: 3842.
Memory consumption went from 125.9 MB to 125.8 MB.
Total: 4.577300 ms (FindLiveObjects: 0.447800 ms CreateObjectMapping: 0.379200 ms MarkObjects: 3.614200 ms  DeleteObjects: 0.135000 ms)

AssetImportParameters requested are different than current active one (requested -> active):
  custom:video-decoder-ogg-theora: a1e56fd34408186e4bbccfd4996cb3dc -> 
  custom:container-muxer-webm: aa71ff27fc2769a1b78a27578f13a17b -> 
  custom:container-demuxer-webm: 4f35f7cbe854078d1ac9338744f61a02 -> 
  custom:video-encoder-webm-vp8: eb34c28f22e8b96e1ab97ce403110664 -> 
  custom:audio-encoder-webm-vorbis: bf7c407c2cedff20999df2af8eb42d56 -> 
  custom:framework-win-MediaFoundation: 216162199b28c13a410421893ffa2e32 -> 
  custom:container-demuxer-ogg: 62fdf1f143b41e24485cea50d1cbac27 -> 
  custom:video-decoder-webm-vp8: 9c59270c3fd7afecdb556c50c9e8de78 -> 
  custom:audio-decoder-ogg-vorbis: bf7c407c2cedff20999df2af8eb42d56 -> 
========================================================================
Received Import Request.
  Time since last request: 358706.780241 seconds.
  path: Assets/Effects/Resources/Settings/PP low.asset
  artifactKey: Guid(70629691e8eede744b1c85c9ddcc4bc4) Importer(815301076,1909f56bfc062723c751e8b465ee728b)
Start importing Assets/Effects/Resources/Settings/PP low.asset using Guid(70629691e8eede744b1c85c9ddcc4bc4) Importer(815301076,1909f56bfc062723c751e8b465ee728b)  -> (artifact id: 'f9222c4d0bcdbac931d213be2ddbac84') in 0.056702 seconds 
========================================================================
Received Import Request.
  Time since last request: 7.229807 seconds.
  path: Assets/Effects/Magic effects pack/Materials/Circle.mat
  artifactKey: Guid(4bab0f95134663b4c9c3dd73939c0ff1) Importer(815301076,1909f56bfc062723c751e8b465ee728b)
Start importing Assets/Effects/Magic effects pack/Materials/Circle.mat using Guid(4bab0f95134663b4c9c3dd73939c0ff1) Importer(815301076,1909f56bfc062723c751e8b465ee728b)  -> (artifact id: '1cb82c86beee7f16935f820a688de105') in 0.145558 seconds 
========================================================================
Received Import Request.
  Time since last request: 0.000056 seconds.
  path: Assets/Effects/Magic effects pack/Materials/Electro.mat
  artifactKey: Guid(410fa9a27b8dd1f4989dd201babd7d76) Importer(815301076,1909f56bfc062723c751e8b465ee728b)
Start importing Assets/Effects/Magic effects pack/Materials/Electro.mat using Guid(410fa9a27b8dd1f4989dd201babd7d76) Importer(815301076,1909f56bfc062723c751e8b465ee728b)  -> (artifact id: '476b9931670ca6b55cb318b879d5ab3b') in 0.022783 seconds 
========================================================================
Received Import Request.
  Time since last request: 0.000027 seconds.
  path: Assets/Effects/Magic effects pack/Materials/DistortionPoint.mat
  artifactKey: Guid(fe8d615cbaec71545b42f9163243b02d) Importer(815301076,1909f56bfc062723c751e8b465ee728b)
Start importing Assets/Effects/Magic effects pack/Materials/DistortionPoint.mat using Guid(fe8d615cbaec71545b42f9163243b02d) Importer(815301076,1909f56bfc062723c751e8b465ee728b)  -> (artifact id: '5e49d51396d14a067a6adba45ac184fb') in 0.079569 seconds 
========================================================================
Received Import Request.
  Time since last request: 0.000014 seconds.
  path: Assets/Effects/Magic effects pack/Materials/Heart.mat
  artifactKey: Guid(e97a79db1dd66ad4d8f70932abe94b73) Importer(815301076,1909f56bfc062723c751e8b465ee728b)
Start importing Assets/Effects/Magic effects pack/Materials/Heart.mat using Guid(e97a79db1dd66ad4d8f70932abe94b73) Importer(815301076,1909f56bfc062723c751e8b465ee728b)  -> (artifact id: 'df0bd33b2b2f035da7942235f53a6897') in 0.058489 seconds 
========================================================================
Received Import Request.
  Time since last request: 0.000022 seconds.
  path: Assets/Effects/Magic effects pack/Materials/Stone.mat
  artifactKey: Guid(5e01cbbef75a454468e5eb490ac64181) Importer(815301076,1909f56bfc062723c751e8b465ee728b)
Start importing Assets/Effects/Magic effects pack/Materials/Stone.mat using Guid(5e01cbbef75a454468e5eb490ac64181) Importer(815301076,1909f56bfc062723c751e8b465ee728b)  -> (artifact id: '66ed4e071700ad0e4f6d846b16fa3b79') in 0.017224 seconds 
========================================================================
Received Import Request.
  Time since last request: 0.000030 seconds.
  path: Assets/Effects/Magic effects pack/Materials/Smoke26.mat
  artifactKey: Guid(616a777eb757ff14c82a79feeb35d9b1) Importer(815301076,1909f56bfc062723c751e8b465ee728b)
Start importing Assets/Effects/Magic effects pack/Materials/Smoke26.mat using Guid(616a777eb757ff14c82a79feeb35d9b1) Importer(815301076,1909f56bfc062723c751e8b465ee728b)  -> (artifact id: '87cf4a2bf3aa31e3cdb5bc74a4ba1f8e') in 0.018746 seconds 
========================================================================
Received Import Request.
  Time since last request: 0.000031 seconds.
  path: Assets/Effects/Magic effects pack/Materials/MagicCircle.mat
  artifactKey: Guid(ddac23d301cbfca45bcbe217c05f0141) Importer(815301076,1909f56bfc062723c751e8b465ee728b)
Start importing Assets/Effects/Magic effects pack/Materials/MagicCircle.mat using Guid(ddac23d301cbfca45bcbe217c05f0141) Importer(815301076,1909f56bfc062723c751e8b465ee728b)  -> (artifact id: '2dbe325a82704803faf92f3ca396c7de') in 0.024980 seconds 
========================================================================
Received Import Request.
  Time since last request: 0.000034 seconds.
  path: Assets/Effects/Magic effects pack/Materials/Flash.mat
  artifactKey: Guid(db3488de871721d4f83250ff2af716b7) Importer(815301076,1909f56bfc062723c751e8b465ee728b)
Start importing Assets/Effects/Magic effects pack/Materials/Flash.mat using Guid(db3488de871721d4f83250ff2af716b7) Importer(815301076,1909f56bfc062723c751e8b465ee728b)  -> (artifact id: 'b61af1ce38d77fe4e95f8630709a2836') in 0.017158 seconds 
========================================================================
Received Import Request.
  Time since last request: 0.000021 seconds.
  path: Assets/Effects/Magic effects pack/Materials/Flare.mat
  artifactKey: Guid(818e127314f46c844a3b31d893dcfe6a) Importer(815301076,1909f56bfc062723c751e8b465ee728b)
Start importing Assets/Effects/Magic effects pack/Materials/Flare.mat using Guid(818e127314f46c844a3b31d893dcfe6a) Importer(815301076,1909f56bfc062723c751e8b465ee728b)  -> (artifact id: 'eff10bd51d54ae10f7d857b58a1b29e7') in 0.024997 seconds 
========================================================================
Received Import Request.
  Time since last request: 2.027401 seconds.
  path: Assets/Effects/Magic effects pack/Textures/Circle.png
  artifactKey: Guid(c4cf9c9f7cf52f6409ef75a08a4357ac) Importer(815301076,1909f56bfc062723c751e8b465ee728b)
Start importing Assets/Effects/Magic effects pack/Textures/Circle.png using Guid(c4cf9c9f7cf52f6409ef75a08a4357ac) Importer(815301076,1909f56bfc062723c751e8b465ee728b)  -> (artifact id: '61a50cdb5f9f9b21ea5675410d268122') in 0.019937 seconds 
========================================================================
Received Import Request.
  Time since last request: 0.000025 seconds.
  path: Assets/Effects/Magic effects pack/Textures/Star.png
  artifactKey: Guid(5cc658114b5abae49bce56d6c4ae3105) Importer(815301076,1909f56bfc062723c751e8b465ee728b)
Start importing Assets/Effects/Magic effects pack/Textures/Star.png using Guid(5cc658114b5abae49bce56d6c4ae3105) Importer(815301076,1909f56bfc062723c751e8b465ee728b)  -> (artifact id: '4ac9356d6b9d33f283261a16419f5aa6') in 0.009828 seconds 
========================================================================
Received Import Request.
  Time since last request: 0.000019 seconds.
  path: Assets/Effects/Magic effects pack/Textures/Mask1.png
  artifactKey: Guid(c829f3f833484ac45b5b9150cb06631c) Importer(815301076,1909f56bfc062723c751e8b465ee728b)
Start importing Assets/Effects/Magic effects pack/Textures/Mask1.png using Guid(c829f3f833484ac45b5b9150cb06631c) Importer(815301076,1909f56bfc062723c751e8b465ee728b)  -> (artifact id: '23dd4928a5e9d0633c7adc283b668498') in 0.011943 seconds 
========================================================================
Received Import Request.
  Time since last request: 0.000018 seconds.
  path: Assets/Effects/Magic effects pack/Textures/Electro.png
  artifactKey: Guid(ede7b7fc6b09fcc41892be0d6935c8cf) Importer(815301076,1909f56bfc062723c751e8b465ee728b)
Start importing Assets/Effects/Magic effects pack/Textures/Electro.png using Guid(ede7b7fc6b09fcc41892be0d6935c8cf) Importer(815301076,1909f56bfc062723c751e8b465ee728b)  -> (artifact id: '7b387916b6334079ebea08e13aab6ebf') in 0.010676 seconds 
========================================================================
Received Import Request.
  Time since last request: 0.000022 seconds.
  path: Assets/Effects/Magic effects pack/Textures/Point1n.png
  artifactKey: Guid(5050511111526384094dd94bcde2676a) Importer(815301076,1909f56bfc062723c751e8b465ee728b)
Start importing Assets/Effects/Magic effects pack/Textures/Point1n.png using Guid(5050511111526384094dd94bcde2676a) Importer(815301076,1909f56bfc062723c751e8b465ee728b)  -> (artifact id: '320c29973200a48fd739b28c1825683c') in 0.015456 seconds 
========================================================================
Received Import Request.
  Time since last request: 0.000020 seconds.
  path: Assets/Effects/Magic effects pack/Textures/Stone.png
  artifactKey: Guid(ad3c6deb60874964aa592b7f1458ac54) Importer(815301076,1909f56bfc062723c751e8b465ee728b)
Start importing Assets/Effects/Magic effects pack/Textures/Stone.png using Guid(ad3c6deb60874964aa592b7f1458ac54) Importer(815301076,1909f56bfc062723c751e8b465ee728b)  -> (artifact id: 'b03de6b945de0f2e6817f0422b64df90') in 0.012635 seconds 
========================================================================
Received Import Request.
  Time since last request: 0.000028 seconds.
  path: Assets/Effects/Magic effects pack/Textures/Concrete slab_Normal.png
  artifactKey: Guid(3a0dde7201a17f646865e8deeac56596) Importer(815301076,1909f56bfc062723c751e8b465ee728b)
Start importing Assets/Effects/Magic effects pack/Textures/Concrete slab_Normal.png using Guid(3a0dde7201a17f646865e8deeac56596) Importer(815301076,1909f56bfc062723c751e8b465ee728b)  -> (artifact id: '18140af162977bf93b12eff097897794') in 0.032973 seconds 
========================================================================
Received Import Request.
  Time since last request: 0.000049 seconds.
  path: Assets/Effects/Magic effects pack/Textures/Smoke26.png
  artifactKey: Guid(08b3912bdc0a5ed4d9a27125425a97f4) Importer(815301076,1909f56bfc062723c751e8b465ee728b)
Start importing Assets/Effects/Magic effects pack/Textures/Smoke26.png using Guid(08b3912bdc0a5ed4d9a27125425a97f4) Importer(815301076,1909f56bfc062723c751e8b465ee728b)  -> (artifact id: '8bbe8c4344ca93cded078250715e43b0') in 0.015827 seconds 
========================================================================
Received Import Request.
  Time since last request: 0.000032 seconds.
  path: Assets/Effects/Magic effects pack/Textures/Slash.png
  artifactKey: Guid(52eef6aa133a854489e620987374b364) Importer(815301076,1909f56bfc062723c751e8b465ee728b)
Start importing Assets/Effects/Magic effects pack/Textures/Slash.png using Guid(52eef6aa133a854489e620987374b364) Importer(815301076,1909f56bfc062723c751e8b465ee728b)  -> (artifact id: '359184dd9b0727059030313b95e0ba37') in 0.018123 seconds 
========================================================================
Received Import Request.
  Time since last request: 0.000044 seconds.
  path: Assets/Effects/Magic effects pack/Textures/MagicCircle2.png
  artifactKey: Guid(5a6bd793e147ac64e98bf339553fd728) Importer(815301076,1909f56bfc062723c751e8b465ee728b)
Start importing Assets/Effects/Magic effects pack/Textures/MagicCircle2.png using Guid(5a6bd793e147ac64e98bf339553fd728) Importer(815301076,1909f56bfc062723c751e8b465ee728b)  -> (artifact id: 'bff5d05175608920e831ddbd5b10a1fa') in 0.017794 seconds 
========================================================================
Received Import Request.
  Time since last request: 0.000029 seconds.
  path: Assets/Effects/Magic effects pack/Textures/Point1.png
  artifactKey: Guid(640e93060c8b460449dc5d4f16193387) Importer(815301076,1909f56bfc062723c751e8b465ee728b)
Start importing Assets/Effects/Magic effects pack/Textures/Point1.png using Guid(640e93060c8b460449dc5d4f16193387) Importer(815301076,1909f56bfc062723c751e8b465ee728b)  -> (artifact id: '0daad9d5980bf470546b0032d2a3b47c') in 0.018345 seconds 
========================================================================
Received Import Request.
  Time since last request: 2.484148 seconds.
  path: Assets/Effects/Magic effects pack/Demo scene/Lightmap-0_comp_light.exr
  artifactKey: Guid(9960b70afbb00c1468c54c31462b736a) Importer(815301076,1909f56bfc062723c751e8b465ee728b)
Start importing Assets/Effects/Magic effects pack/Demo scene/Lightmap-0_comp_light.exr using Guid(9960b70afbb00c1468c54c31462b736a) Importer(815301076,1909f56bfc062723c751e8b465ee728b)  -> (artifact id: 'ebeb2fd19519c3b7bb949361b0f40bad') in 0.025127 seconds 
========================================================================
Received Import Request.
  Time since last request: 0.000036 seconds.
  path: Assets/Effects/Magic effects pack/Demo scene/ReflectionProbe-1.exr
  artifactKey: Guid(6cd5e7294f0f7be4aa89e131da9505b4) Importer(815301076,1909f56bfc062723c751e8b465ee728b)
Start importing Assets/Effects/Magic effects pack/Demo scene/ReflectionProbe-1.exr using Guid(6cd5e7294f0f7be4aa89e131da9505b4) Importer(815301076,1909f56bfc062723c751e8b465ee728b)  -> (artifact id: 'eedee85bc852f7c602c95972f3d1bc5a') in 0.021500 seconds 
========================================================================
Received Prepare
Registering precompiled user dll's ...
Registered in 0.006038 seconds.
Begin MonoManager ReloadAssembly
Symbol file LoadedFromMemory doesn't match image C:\Users\Administrator\Desktop\유니티 3 수업\Endless Run\Library\PackageCache\com.unity.visualscripting@1.7.8\Editor\VisualScripting.Core\Dependencies\YamlDotNet\Unity.VisualScripting.YamlDotNet.dll
Symbol file LoadedFromMemory doesn't match image C:\Users\Administrator\Desktop\유니티 3 수업\Endless Run\Library\PackageCache\com.unity.visualscripting@1.7.8\Editor\VisualScripting.Core\Dependencies\DotNetZip\Unity.VisualScripting.IonicZip.dll
Native extension for WindowsStandalone target not found
Native extension for Android target not found
Refreshing native plugins compatible for Editor in 2.13 ms, found 3 plugins.
Preloading 0 native plugins for Editor in 0.00 ms.
Mono: successfully reloaded assembly
- Completed reload, in  1.353 seconds
Domain Reload Profiling:
	ReloadAssembly (1354ms)
		BeginReloadAssembly (163ms)
			ExecutionOrderSort (0ms)
			DisableScriptedObjects (7ms)
			BackupInstance (0ms)
			ReleaseScriptingObjects (0ms)
			CreateAndSetChildDomain (48ms)
		EndReloadAssembly (1077ms)
			LoadAssemblies (113ms)
			RebuildTransferFunctionScriptingTraits (0ms)
			SetupTypeCache (383ms)
			ReleaseScriptCaches (2ms)
			RebuildScriptCaches (61ms)
			SetupLoadedEditorAssemblies (453ms)
				LogAssemblyErrors (0ms)
				InitializePlatformSupportModulesInManaged (33ms)
				SetLoadedEditorAssemblies (1ms)
				RefreshPlugins (2ms)
				BeforeProcessingInitializeOnLoad (96ms)
				ProcessInitializeOnLoadAttributes (275ms)
				ProcessInitializeOnLoadMethodAttributes (34ms)
				AfterProcessingInitializeOnLoad (11ms)
				EditorAssembliesLoaded (0ms)
			ExecutionOrderSort2 (0ms)
			AwakeInstancesAfterBackupRestoration (10ms)
Platform modules already initialized, skipping
Refreshing native plugins compatible for Editor in 3.08 ms, found 3 plugins.
Preloading 0 native plugins for Editor in 0.00 ms.
Unloading 3360 Unused Serialized files (Serialized files now loaded: 0)
Unloading 20 unused Assets / (80.7 KB). Loaded Objects now: 3896.
Memory consumption went from 129.4 MB to 129.3 MB.
Total: 3.373000 ms (FindLiveObjects: 0.401700 ms CreateObjectMapping: 0.353700 ms MarkObjects: 2.518400 ms  DeleteObjects: 0.098100 ms)

AssetImportParameters requested are different than current active one (requested -> active):
  custom:video-decoder-ogg-theora: a1e56fd34408186e4bbccfd4996cb3dc -> 
  custom:container-muxer-webm: aa71ff27fc2769a1b78a27578f13a17b -> 
  custom:container-demuxer-webm: 4f35f7cbe854078d1ac9338744f61a02 -> 
  custom:video-encoder-webm-vp8: eb34c28f22e8b96e1ab97ce403110664 -> 
  custom:audio-encoder-webm-vorbis: bf7c407c2cedff20999df2af8eb42d56 -> 
  custom:framework-win-MediaFoundation: 216162199b28c13a410421893ffa2e32 -> 
  custom:container-demuxer-ogg: 62fdf1f143b41e24485cea50d1cbac27 -> 
  custom:video-decoder-webm-vp8: 9c59270c3fd7afecdb556c50c9e8de78 -> 
  custom:audio-decoder-ogg-vorbis: bf7c407c2cedff20999df2af8eb42d56 -> 
========================================================================
Received Import Request.
  Time since last request: 160.810401 seconds.
  path: Assets/Effects/Magic effects pack/Prefabs/Portals/Portal green.prefab
  artifactKey: Guid(13c990b8270c70b4c9f196019286028c) Importer(815301076,1909f56bfc062723c751e8b465ee728b)
Start importing Assets/Effects/Magic effects pack/Prefabs/Portals/Portal green.prefab using Guid(13c990b8270c70b4c9f196019286028c) Importer(815301076,1909f56bfc062723c751e8b465ee728b)  -> (artifact id: '259ff88571e02198073ee0545235bd56') in 0.077081 seconds 
========================================================================
Received Import Request.
  Time since last request: 0.000028 seconds.
  path: Assets/Effects/Magic effects pack/Prefabs/Portals/Portal red.prefab
  artifactKey: Guid(52c7d057cba585641bb68312c10d7791) Importer(815301076,1909f56bfc062723c751e8b465ee728b)
Start importing Assets/Effects/Magic effects pack/Prefabs/Portals/Portal red.prefab using Guid(52c7d057cba585641bb68312c10d7791) Importer(815301076,1909f56bfc062723c751e8b465ee728b)  -> (artifact id: '8188898be991dac0d8626a4158088b0e') in 0.028410 seconds 
========================================================================
Received Import Request.
  Time since last request: 1.046430 seconds.
  path: Assets/Effects/Magic effects pack/Prefabs/Magic circles/Healing circle.prefab
  artifactKey: Guid(12a56ee4630040c4eb17ae9707ed4cef) Importer(815301076,1909f56bfc062723c751e8b465ee728b)
Start importing Assets/Effects/Magic effects pack/Prefabs/Magic circles/Healing circle.prefab using Guid(12a56ee4630040c4eb17ae9707ed4cef) Importer(815301076,1909f56bfc062723c751e8b465ee728b)  -> (artifact id: 'd0d0175e462c002c7b1ade5250e16781') in 0.063250 seconds 
========================================================================
Received Import Request.
  Time since last request: 0.000023 seconds.
  path: Assets/Effects/Magic effects pack/Prefabs/Magic circles/Magic circle.prefab
  artifactKey: Guid(a2a060732547fe64581bb0cb3c2bdf1d) Importer(815301076,1909f56bfc062723c751e8b465ee728b)
Start importing Assets/Effects/Magic effects pack/Prefabs/Magic circles/Magic circle.prefab using Guid(a2a060732547fe64581bb0cb3c2bdf1d) Importer(815301076,1909f56bfc062723c751e8b465ee728b)  -> (artifact id: '82655f2c1ed23220422730762297f067') in 0.030201 seconds 
========================================================================
Received Import Request.
  Time since last request: 0.484884 seconds.
  path: Assets/Effects/Magic effects pack/Prefabs/Hits and explosions/Explosion.prefab
  artifactKey: Guid(8eb503696b886e04faff8fc0f480d473) Importer(815301076,1909f56bfc062723c751e8b465ee728b)
Start importing Assets/Effects/Magic effects pack/Prefabs/Hits and explosions/Explosion.prefab using Guid(8eb503696b886e04faff8fc0f480d473) Importer(815301076,1909f56bfc062723c751e8b465ee728b)  -> (artifact id: '67cd59aad6d7ecc97c4ef2bf50f86dc4') in 0.023026 seconds 
========================================================================
Received Import Request.
  Time since last request: 0.000025 seconds.
  path: Assets/Effects/Magic effects pack/Prefabs/Hits and explosions/Green hit.prefab
  artifactKey: Guid(3138a83bedbd6ad4481ba0b061da2eb6) Importer(815301076,1909f56bfc062723c751e8b465ee728b)
Start importing Assets/Effects/Magic effects pack/Prefabs/Hits and explosions/Green hit.prefab using Guid(3138a83bedbd6ad4481ba0b061da2eb6) Importer(815301076,1909f56bfc062723c751e8b465ee728b)  -> (artifact id: 'cceeefd2ddd6ef1f8d4e0b34bbc2e60b') in 0.023681 seconds 
========================================================================
Received Import Request.
  Time since last request: 0.000023 seconds.
  path: Assets/Effects/Magic effects pack/Prefabs/Hits and explosions/Stones hit.prefab
  artifactKey: Guid(9b21333b068a5084ba09535839bee3c8) Importer(815301076,1909f56bfc062723c751e8b465ee728b)
Start importing Assets/Effects/Magic effects pack/Prefabs/Hits and explosions/Stones hit.prefab using Guid(9b21333b068a5084ba09535839bee3c8) Importer(815301076,1909f56bfc062723c751e8b465ee728b)  -> (artifact id: 'b8d7f194c4af262825745bb0a7aff2a6') in 0.026567 seconds 
========================================================================
Received Import Request.
  Time since last request: 0.000024 seconds.
  path: Assets/Effects/Magic effects pack/Prefabs/Hits and explosions/Snow hit.prefab
  artifactKey: Guid(0edef91621bb6b34384ccc9dbb98729c) Importer(815301076,1909f56bfc062723c751e8b465ee728b)
Start importing Assets/Effects/Magic effects pack/Prefabs/Hits and explosions/Snow hit.prefab using Guid(0edef91621bb6b34384ccc9dbb98729c) Importer(815301076,1909f56bfc062723c751e8b465ee728b)  -> (artifact id: '9acd52efa4198ab8caeb236741a185cc') in 0.029408 seconds 
========================================================================
Received Import Request.
  Time since last request: 0.690215 seconds.
  path: Assets/Effects/Magic effects pack/Prefabs/Character auras/Debuff.prefab
  artifactKey: Guid(a58aa9a78f2b45b45bb0f3e2e1e3ad3c) Importer(815301076,1909f56bfc062723c751e8b465ee728b)
Start importing Assets/Effects/Magic effects pack/Prefabs/Character auras/Debuff.prefab using Guid(a58aa9a78f2b45b45bb0f3e2e1e3ad3c) Importer(815301076,1909f56bfc062723c751e8b465ee728b)  -> (artifact id: 'd120434996c1bf009bff496d4621374c') in 0.017814 seconds 
========================================================================
Received Import Request.
  Time since last request: 0.000055 seconds.
  path: Assets/Effects/Magic effects pack/Prefabs/Character auras/Love aura.prefab
  artifactKey: Guid(43d1d06cf70fcb2488255051aaae40a5) Importer(815301076,1909f56bfc062723c751e8b465ee728b)
Start importing Assets/Effects/Magic effects pack/Prefabs/Character auras/Love aura.prefab using Guid(43d1d06cf70fcb2488255051aaae40a5) Importer(815301076,1909f56bfc062723c751e8b465ee728b)  -> (artifact id: 'c056880dd74ac45df364addb53a6d7a3') in 0.024637 seconds 
========================================================================
Received Import Request.
  Time since last request: 0.000015 seconds.
  path: Assets/Effects/Magic effects pack/Prefabs/Character auras/Healing.prefab
  artifactKey: Guid(1245b8d2997d5b34fb1637be70a7eb05) Importer(815301076,1909f56bfc062723c751e8b465ee728b)
Start importing Assets/Effects/Magic effects pack/Prefabs/Character auras/Healing.prefab using Guid(1245b8d2997d5b34fb1637be70a7eb05) Importer(815301076,1909f56bfc062723c751e8b465ee728b)  -> (artifact id: '27b540401bcf8f5cd2f66822f1ea16d3') in 0.024010 seconds 
========================================================================
Received Import Request.
  Time since last request: 279.949748 seconds.
  path: Assets/Scripts/Items/Magnet.cs
  artifactKey: Guid(6bae1600256416c4abdf712b812c1fd4) Importer(815301076,1909f56bfc062723c751e8b465ee728b)
Start importing Assets/Scripts/Items/Magnet.cs using Guid(6bae1600256416c4abdf712b812c1fd4) Importer(815301076,1909f56bfc062723c751e8b465ee728b)  -> (artifact id: '420e9b37af380db10284bc1b93b0949f') in 0.016601 seconds 
========================================================================
Received Import Request.
  Time since last request: 0.805254 seconds.
  path: Assets/Scripts/Items/Item.cs
  artifactKey: Guid(804060b4e5b5eee439d15273eb94561e) Importer(815301076,1909f56bfc062723c751e8b465ee728b)
Start importing Assets/Scripts/Items/Item.cs using Guid(804060b4e5b5eee439d15273eb94561e) Importer(815301076,1909f56bfc062723c751e8b465ee728b)  -> (artifact id: '71be8cfd247b6187bf0bc60067e0e80b') in 0.007832 seconds 
========================================================================
Received Import Request.
  Time since last request: 11.867426 seconds.
  path: Assets/Scripts/Items/Coin.cs
  artifactKey: Guid(ade52d8477793484683e19f07b4a7939) Importer(815301076,1909f56bfc062723c751e8b465ee728b)
Start importing Assets/Scripts/Items/Coin.cs using Guid(ade52d8477793484683e19f07b4a7939) Importer(815301076,1909f56bfc062723c751e8b465ee728b)  -> (artifact id: 'dc5cd6cb430eade7cb2be7f8f6d65123') in 0.007595 seconds 
========================================================================
Received Import Request.
  Time since last request: 34.787669 seconds.
  path: Assets/Scripts/Player.cs
  artifactKey: Guid(ecf00ddc6c1073f4188c149af59ae571) Importer(815301076,1909f56bfc062723c751e8b465ee728b)
Start importing Assets/Scripts/Player.cs using Guid(ecf00ddc6c1073f4188c149af59ae571) Importer(815301076,1909f56bfc062723c751e8b465ee728b)  -> (artifact id: 'e58e0d03542ad46909aa74231f428e16') in 0.007752 seconds 
========================================================================
Received Prepare
Registering precompiled user dll's ...
Registered in 0.007874 seconds.
Begin MonoManager ReloadAssembly
Symbol file LoadedFromMemory doesn't match image C:\Users\Administrator\Desktop\유니티 3 수업\Endless Run\Library\PackageCache\com.unity.visualscripting@1.7.8\Editor\VisualScripting.Core\Dependencies\YamlDotNet\Unity.VisualScripting.YamlDotNet.dll
Symbol file LoadedFromMemory doesn't match image C:\Users\Administrator\Desktop\유니티 3 수업\Endless Run\Library\PackageCache\com.unity.visualscripting@1.7.8\Editor\VisualScripting.Core\Dependencies\DotNetZip\Unity.VisualScripting.IonicZip.dll
Native extension for WindowsStandalone target not found
Native extension for Android target not found
Refreshing native plugins compatible for Editor in 1.42 ms, found 3 plugins.
Preloading 0 native plugins for Editor in 0.00 ms.
Mono: successfully reloaded assembly
- Completed reload, in  1.178 seconds
Domain Reload Profiling:
	ReloadAssembly (1179ms)
		BeginReloadAssembly (158ms)
			ExecutionOrderSort (0ms)
			DisableScriptedObjects (5ms)
			BackupInstance (0ms)
			ReleaseScriptingObjects (0ms)
			CreateAndSetChildDomain (45ms)
		EndReloadAssembly (910ms)
			LoadAssemblies (102ms)
			RebuildTransferFunctionScriptingTraits (0ms)
			SetupTypeCache (305ms)
			ReleaseScriptCaches (2ms)
			RebuildScriptCaches (51ms)
			SetupLoadedEditorAssemblies (403ms)
				LogAssemblyErrors (0ms)
				InitializePlatformSupportModulesInManaged (31ms)
				SetLoadedEditorAssemblies (1ms)
				RefreshPlugins (2ms)
				BeforeProcessingInitializeOnLoad (88ms)
				ProcessInitializeOnLoadAttributes (242ms)
				ProcessInitializeOnLoadMethodAttributes (31ms)
				AfterProcessingInitializeOnLoad (9ms)
				EditorAssembliesLoaded (0ms)
			ExecutionOrderSort2 (0ms)
			AwakeInstancesAfterBackupRestoration (8ms)
Platform modules already initialized, skipping
Refreshing native plugins compatible for Editor in 2.29 ms, found 3 plugins.
Preloading 0 native plugins for Editor in 0.00 ms.
Unloading 3360 Unused Serialized files (Serialized files now loaded: 0)
Unloading 22 unused Assets / (82.1 KB). Loaded Objects now: 3899.
Memory consumption went from 129.6 MB to 129.5 MB.
Total: 4.755600 ms (FindLiveObjects: 0.420100 ms CreateObjectMapping: 0.356500 ms MarkObjects: 3.788400 ms  DeleteObjects: 0.189100 ms)

AssetImportParameters requested are different than current active one (requested -> active):
  custom:video-decoder-ogg-theora: a1e56fd34408186e4bbccfd4996cb3dc -> 
  custom:container-muxer-webm: aa71ff27fc2769a1b78a27578f13a17b -> 
  custom:container-demuxer-webm: 4f35f7cbe854078d1ac9338744f61a02 -> 
  custom:video-encoder-webm-vp8: eb34c28f22e8b96e1ab97ce403110664 -> 
  custom:audio-encoder-webm-vorbis: bf7c407c2cedff20999df2af8eb42d56 -> 
  custom:framework-win-MediaFoundation: 216162199b28c13a410421893ffa2e32 -> 
  custom:container-demuxer-ogg: 62fdf1f143b41e24485cea50d1cbac27 -> 
  custom:video-decoder-webm-vp8: 9c59270c3fd7afecdb556c50c9e8de78 -> 
  custom:audio-decoder-ogg-vorbis: bf7c407c2cedff20999df2af8eb42d56 -> 
========================================================================
Received Import Request.
  Time since last request: 698.253099 seconds.
  path: Assets/Scripts/Items/Item.cs
  artifactKey: Guid(804060b4e5b5eee439d15273eb94561e) Importer(815301076,1909f56bfc062723c751e8b465ee728b)
Start importing Assets/Scripts/Items/Item.cs using Guid(804060b4e5b5eee439d15273eb94561e) Importer(815301076,1909f56bfc062723c751e8b465ee728b)  -> (artifact id: '617d3e2f6b51e39092429c7a8d168019') in 0.010611 seconds 
========================================================================
Received Prepare
Registering precompiled user dll's ...
Registered in 0.007438 seconds.
Begin MonoManager ReloadAssembly
Symbol file LoadedFromMemory doesn't match image C:\Users\Administrator\Desktop\유니티 3 수업\Endless Run\Library\PackageCache\com.unity.visualscripting@1.7.8\Editor\VisualScripting.Core\Dependencies\YamlDotNet\Unity.VisualScripting.YamlDotNet.dll
Symbol file LoadedFromMemory doesn't match image C:\Users\Administrator\Desktop\유니티 3 수업\Endless Run\Library\PackageCache\com.unity.visualscripting@1.7.8\Editor\VisualScripting.Core\Dependencies\DotNetZip\Unity.VisualScripting.IonicZip.dll
Native extension for WindowsStandalone target not found
Native extension for Android target not found
Refreshing native plugins compatible for Editor in 0.65 ms, found 3 plugins.
Preloading 0 native plugins for Editor in 0.00 ms.
Mono: successfully reloaded assembly
- Completed reload, in  1.051 seconds
Domain Reload Profiling:
	ReloadAssembly (1052ms)
		BeginReloadAssembly (156ms)
			ExecutionOrderSort (0ms)
			DisableScriptedObjects (6ms)
			BackupInstance (0ms)
			ReleaseScriptingObjects (0ms)
			CreateAndSetChildDomain (49ms)
		EndReloadAssembly (801ms)
			LoadAssemblies (100ms)
			RebuildTransferFunctionScriptingTraits (0ms)
			SetupTypeCache (294ms)
			ReleaseScriptCaches (2ms)
			RebuildScriptCaches (46ms)
			SetupLoadedEditorAssemblies (327ms)
				LogAssemblyErrors (0ms)
				InitializePlatformSupportModulesInManaged (22ms)
				SetLoadedEditorAssemblies (0ms)
				RefreshPlugins (1ms)
				BeforeProcessingInitializeOnLoad (73ms)
				ProcessInitializeOnLoadAttributes (197ms)
				ProcessInitializeOnLoadMethodAttributes (24ms)
				AfterProcessingInitializeOnLoad (9ms)
				EditorAssembliesLoaded (0ms)
			ExecutionOrderSort2 (0ms)
			AwakeInstancesAfterBackupRestoration (8ms)
Platform modules already initialized, skipping
Refreshing native plugins compatible for Editor in 1.94 ms, found 3 plugins.
Preloading 0 native plugins for Editor in 0.00 ms.
Unloading 3360 Unused Serialized files (Serialized files now loaded: 0)
Unloading 20 unused Assets / (80.5 KB). Loaded Objects now: 3902.
Memory consumption went from 129.5 MB to 129.4 MB.
Total: 2.961700 ms (FindLiveObjects: 0.266900 ms CreateObjectMapping: 0.146300 ms MarkObjects: 2.465200 ms  DeleteObjects: 0.082300 ms)

AssetImportParameters requested are different than current active one (requested -> active):
  custom:video-decoder-ogg-theora: a1e56fd34408186e4bbccfd4996cb3dc -> 
  custom:container-muxer-webm: aa71ff27fc2769a1b78a27578f13a17b -> 
  custom:container-demuxer-webm: 4f35f7cbe854078d1ac9338744f61a02 -> 
  custom:video-encoder-webm-vp8: eb34c28f22e8b96e1ab97ce403110664 -> 
  custom:audio-encoder-webm-vorbis: bf7c407c2cedff20999df2af8eb42d56 -> 
  custom:framework-win-MediaFoundation: 216162199b28c13a410421893ffa2e32 -> 
  custom:container-demuxer-ogg: 62fdf1f143b41e24485cea50d1cbac27 -> 
  custom:video-decoder-webm-vp8: 9c59270c3fd7afecdb556c50c9e8de78 -> 
  custom:audio-decoder-ogg-vorbis: bf7c407c2cedff20999df2af8eb42d56 -> 
========================================================================
Received Import Request.
  Time since last request: 42.899203 seconds.
  path: Assets/Prefabs/Coin.prefab
  artifactKey: Guid(4abac2e6cf169274a9eeab858d3a0d08) Importer(815301076,1909f56bfc062723c751e8b465ee728b)
Start importing Assets/Prefabs/Coin.prefab using Guid(4abac2e6cf169274a9eeab858d3a0d08) Importer(815301076,1909f56bfc062723c751e8b465ee728b)  -> (artifact id: 'c3c4dc142f724027729ff0008c491e80') in 0.108055 seconds 
========================================================================
Received Import Request.
  Time since last request: 0.000019 seconds.
  path: Assets/Prefabs/Second Road.prefab
  artifactKey: Guid(5bec9b1b62a0cb44aa4bb098e364a65a) Importer(815301076,1909f56bfc062723c751e8b465ee728b)
Start importing Assets/Prefabs/Second Road.prefab using Guid(5bec9b1b62a0cb44aa4bb098e364a65a) Importer(815301076,1909f56bfc062723c751e8b465ee728b)  -> (artifact id: '0df7111ecc4c1cb658e8a29beb037636') in 0.052131 seconds 
========================================================================
Received Import Request.
  Time since last request: 0.000039 seconds.
  path: Assets/Prefabs/Third Road.prefab
  artifactKey: Guid(3432014a55ae485498a1ddf36b802209) Importer(815301076,1909f56bfc062723c751e8b465ee728b)
Start importing Assets/Prefabs/Third Road.prefab using Guid(3432014a55ae485498a1ddf36b802209) Importer(815301076,1909f56bfc062723c751e8b465ee728b)  -> (artifact id: '768b76f247e295c4a50d93b04c86a9c4') in 0.050664 seconds 
========================================================================
Received Import Request.
  Time since last request: 23.227283 seconds.
  path: Assets/Effects/Magic effects pack/Prefabs/Magic circles
  artifactKey: Guid(58c695d9e25e06a47919eb09f93c4b0b) Importer(815301076,1909f56bfc062723c751e8b465ee728b)
Start importing Assets/Effects/Magic effects pack/Prefabs/Magic circles using Guid(58c695d9e25e06a47919eb09f93c4b0b) Importer(815301076,1909f56bfc062723c751e8b465ee728b)  -> (artifact id: '604486445577fe6416af46a457cd536c') in 0.008543 seconds 
========================================================================
Received Import Request.
  Time since last request: 89.964021 seconds.
  path: Assets/Effects/Magic effects pack/Prefabs/Hits and explosions/Holy hit.prefab
  artifactKey: Guid(e190bf97c041e58448af6b043116cba0) Importer(815301076,1909f56bfc062723c751e8b465ee728b)
Start importing Assets/Effects/Magic effects pack/Prefabs/Hits and explosions/Holy hit.prefab using Guid(e190bf97c041e58448af6b043116cba0) Importer(815301076,1909f56bfc062723c751e8b465ee728b)  -> (artifact id: '11974c03fe35ede3665de77da13b5e59') in 0.021440 seconds 
========================================================================
Received Import Request.
  Time since last request: 2.378406 seconds.
  path: Assets/Effects/Magic effects pack/Prefabs/Hits and explosions/Holy hit.prefab
  artifactKey: Guid(e190bf97c041e58448af6b043116cba0) Importer(815301076,1909f56bfc062723c751e8b465ee728b)
Start importing Assets/Effects/Magic effects pack/Prefabs/Hits and explosions/Holy hit.prefab using Guid(e190bf97c041e58448af6b043116cba0) Importer(815301076,1909f56bfc062723c751e8b465ee728b)  -> (artifact id: '5a8ca80b49e180b666f77e1fb665d619') in 0.016151 seconds 
========================================================================
Received Import Request.
  Time since last request: 4.869391 seconds.
  path: Assets/Effects/Magic effects pack/Prefabs/Hits and explosions/Holy hit.prefab
  artifactKey: Guid(e190bf97c041e58448af6b043116cba0) Importer(815301076,1909f56bfc062723c751e8b465ee728b)
Start importing Assets/Effects/Magic effects pack/Prefabs/Hits and explosions/Holy hit.prefab using Guid(e190bf97c041e58448af6b043116cba0) Importer(815301076,1909f56bfc062723c751e8b465ee728b)  -> (artifact id: 'ebe4dbbee1e2b403799d1f385187c475') in 0.014103 seconds 
========================================================================
Received Import Request.
  Time since last request: 4.634181 seconds.
  path: Assets/Effects/Magic effects pack/Prefabs/Hits and explosions/Holy hit.prefab
  artifactKey: Guid(e190bf97c041e58448af6b043116cba0) Importer(815301076,1909f56bfc062723c751e8b465ee728b)
Start importing Assets/Effects/Magic effects pack/Prefabs/Hits and explosions/Holy hit.prefab using Guid(e190bf97c041e58448af6b043116cba0) Importer(815301076,1909f56bfc062723c751e8b465ee728b)  -> (artifact id: '1e150e6ee5c7901211da6e3162834ece') in 0.015493 seconds 
========================================================================
Received Import Request.
  Time since last request: 31.623764 seconds.
  path: Assets/Effects/Magic effects pack/Prefabs/Hits and explosions/Holy hit.prefab
  artifactKey: Guid(e190bf97c041e58448af6b043116cba0) Importer(815301076,1909f56bfc062723c751e8b465ee728b)
Start importing Assets/Effects/Magic effects pack/Prefabs/Hits and explosions/Holy hit.prefab using Guid(e190bf97c041e58448af6b043116cba0) Importer(815301076,1909f56bfc062723c751e8b465ee728b)  -> (artifact id: 'f72dc781a0171fca5735effb7caa490a') in 0.012715 seconds 
========================================================================
Received Import Request.
  Time since last request: 30.765072 seconds.
  path: Assets/Effects/Magic effects pack/Prefabs/Hits and explosions/Holy hit.prefab
  artifactKey: Guid(e190bf97c041e58448af6b043116cba0) Importer(815301076,1909f56bfc062723c751e8b465ee728b)
Start importing Assets/Effects/Magic effects pack/Prefabs/Hits and explosions/Holy hit.prefab using Guid(e190bf97c041e58448af6b043116cba0) Importer(815301076,1909f56bfc062723c751e8b465ee728b)  -> (artifact id: 'e619ddb70a06ef1546da48dfcaf98353') in 0.013674 seconds 
========================================================================
Received Import Request.
  Time since last request: 37.067625 seconds.
  path: Assets/Prefabs/Coin.prefab
  artifactKey: Guid(4abac2e6cf169274a9eeab858d3a0d08) Importer(815301076,1909f56bfc062723c751e8b465ee728b)
Start importing Assets/Prefabs/Coin.prefab using Guid(4abac2e6cf169274a9eeab858d3a0d08) Importer(815301076,1909f56bfc062723c751e8b465ee728b)  -> (artifact id: 'e91c8614e40a519de3feee09827b0a4e') in 0.023361 seconds 
========================================================================
Received Prepare
Registering precompiled user dll's ...
Registered in 0.007840 seconds.
Begin MonoManager ReloadAssembly
Symbol file LoadedFromMemory doesn't match image C:\Users\Administrator\Desktop\유니티 3 수업\Endless Run\Library\PackageCache\com.unity.visualscripting@1.7.8\Editor\VisualScripting.Core\Dependencies\YamlDotNet\Unity.VisualScripting.YamlDotNet.dll
Symbol file LoadedFromMemory doesn't match image C:\Users\Administrator\Desktop\유니티 3 수업\Endless Run\Library\PackageCache\com.unity.visualscripting@1.7.8\Editor\VisualScripting.Core\Dependencies\DotNetZip\Unity.VisualScripting.IonicZip.dll
Native extension for WindowsStandalone target not found
Native extension for Android target not found
Refreshing native plugins compatible for Editor in 1.11 ms, found 3 plugins.
Preloading 0 native plugins for Editor in 0.00 ms.
Mono: successfully reloaded assembly
- Completed reload, in  1.200 seconds
Domain Reload Profiling:
	ReloadAssembly (1201ms)
		BeginReloadAssembly (153ms)
			ExecutionOrderSort (0ms)
			DisableScriptedObjects (6ms)
			BackupInstance (0ms)
			ReleaseScriptingObjects (0ms)
			CreateAndSetChildDomain (49ms)
		EndReloadAssembly (922ms)
			LoadAssemblies (95ms)
			RebuildTransferFunctionScriptingTraits (0ms)
			SetupTypeCache (326ms)
			ReleaseScriptCaches (2ms)
			RebuildScriptCaches (55ms)
			SetupLoadedEditorAssemblies (390ms)
				LogAssemblyErrors (0ms)
				InitializePlatformSupportModulesInManaged (26ms)
				SetLoadedEditorAssemblies (1ms)
				RefreshPlugins (1ms)
				BeforeProcessingInitializeOnLoad (87ms)
				ProcessInitializeOnLoadAttributes (237ms)
				ProcessInitializeOnLoadMethodAttributes (28ms)
				AfterProcessingInitializeOnLoad (10ms)
				EditorAssembliesLoaded (0ms)
			ExecutionOrderSort2 (0ms)
			AwakeInstancesAfterBackupRestoration (8ms)
Platform modules already initialized, skipping
Refreshing native plugins compatible for Editor in 2.37 ms, found 3 plugins.
Preloading 0 native plugins for Editor in 0.00 ms.
Unloading 3360 Unused Serialized files (Serialized files now loaded: 0)
Unloading 20 unused Assets / (80.7 KB). Loaded Objects now: 3907.
Memory consumption went from 129.7 MB to 129.6 MB.
Total: 3.252700 ms (FindLiveObjects: 0.474700 ms CreateObjectMapping: 0.251000 ms MarkObjects: 2.391200 ms  DeleteObjects: 0.134100 ms)

AssetImportParameters requested are different than current active one (requested -> active):
  custom:video-decoder-ogg-theora: a1e56fd34408186e4bbccfd4996cb3dc -> 
  custom:container-muxer-webm: aa71ff27fc2769a1b78a27578f13a17b -> 
  custom:container-demuxer-webm: 4f35f7cbe854078d1ac9338744f61a02 -> 
  custom:video-encoder-webm-vp8: eb34c28f22e8b96e1ab97ce403110664 -> 
  custom:audio-encoder-webm-vorbis: bf7c407c2cedff20999df2af8eb42d56 -> 
  custom:framework-win-MediaFoundation: 216162199b28c13a410421893ffa2e32 -> 
  custom:container-demuxer-ogg: 62fdf1f143b41e24485cea50d1cbac27 -> 
  custom:video-decoder-webm-vp8: 9c59270c3fd7afecdb556c50c9e8de78 -> 
  custom:audio-decoder-ogg-vorbis: bf7c407c2cedff20999df2af8eb42d56 -> 
========================================================================
Received Import Request.
  Time since last request: 118.831947 seconds.
  path: Assets/Prefabs/First Road.prefab
  artifactKey: Guid(8b0aca3a0f6d72c4c8536cd547173e2b) Importer(815301076,1909f56bfc062723c751e8b465ee728b)
Start importing Assets/Prefabs/First Road.prefab using Guid(8b0aca3a0f6d72c4c8536cd547173e2b) Importer(815301076,1909f56bfc062723c751e8b465ee728b)  -> (artifact id: '6916ad404bf07b48cfff6b348d751b08') in 0.096611 seconds 
========================================================================
Received Import Request.
  Time since last request: 0.000029 seconds.
  path: Assets/Prefabs/Third Road.prefab
  artifactKey: Guid(3432014a55ae485498a1ddf36b802209) Importer(815301076,1909f56bfc062723c751e8b465ee728b)
Start importing Assets/Prefabs/Third Road.prefab using Guid(3432014a55ae485498a1ddf36b802209) Importer(815301076,1909f56bfc062723c751e8b465ee728b)  -> (artifact id: 'bed9310adb072ae4dc5bb503212ce976') in 0.037780 seconds 
========================================================================
Received Prepare
Registering precompiled user dll's ...
Registered in 0.007737 seconds.
Begin MonoManager ReloadAssembly
Symbol file LoadedFromMemory doesn't match image C:\Users\Administrator\Desktop\유니티 3 수업\Endless Run\Library\PackageCache\com.unity.visualscripting@1.7.8\Editor\VisualScripting.Core\Dependencies\YamlDotNet\Unity.VisualScripting.YamlDotNet.dll
Symbol file LoadedFromMemory doesn't match image C:\Users\Administrator\Desktop\유니티 3 수업\Endless Run\Library\PackageCache\com.unity.visualscripting@1.7.8\Editor\VisualScripting.Core\Dependencies\DotNetZip\Unity.VisualScripting.IonicZip.dll
Native extension for WindowsStandalone target not found
Native extension for Android target not found
Refreshing native plugins compatible for Editor in 0.74 ms, found 3 plugins.
Preloading 0 native plugins for Editor in 0.00 ms.
Mono: successfully reloaded assembly
- Completed reload, in  1.155 seconds
Domain Reload Profiling:
	ReloadAssembly (1156ms)
		BeginReloadAssembly (151ms)
			ExecutionOrderSort (0ms)
			DisableScriptedObjects (5ms)
			BackupInstance (0ms)
			ReleaseScriptingObjects (0ms)
			CreateAndSetChildDomain (43ms)
		EndReloadAssembly (903ms)
			LoadAssemblies (102ms)
			RebuildTransferFunctionScriptingTraits (0ms)
			SetupTypeCache (305ms)
			ReleaseScriptCaches (2ms)
			RebuildScriptCaches (51ms)
			SetupLoadedEditorAssemblies (394ms)
				LogAssemblyErrors (0ms)
				InitializePlatformSupportModulesInManaged (25ms)
				SetLoadedEditorAssemblies (0ms)
				RefreshPlugins (1ms)
				BeforeProcessingInitializeOnLoad (84ms)
				ProcessInitializeOnLoadAttributes (245ms)
				ProcessInitializeOnLoadMethodAttributes (28ms)
				AfterProcessingInitializeOnLoad (11ms)
				EditorAssembliesLoaded (0ms)
			ExecutionOrderSort2 (0ms)
			AwakeInstancesAfterBackupRestoration (9ms)
Platform modules already initialized, skipping
Refreshing native plugins compatible for Editor in 2.62 ms, found 3 plugins.
Preloading 0 native plugins for Editor in 0.00 ms.
Unloading 3360 Unused Serialized files (Serialized files now loaded: 0)
Unloading 20 unused Assets / (80.5 KB). Loaded Objects now: 3910.
Memory consumption went from 129.7 MB to 129.6 MB.
Total: 3.074100 ms (FindLiveObjects: 0.347300 ms CreateObjectMapping: 0.191000 ms MarkObjects: 2.427200 ms  DeleteObjects: 0.107600 ms)

AssetImportParameters requested are different than current active one (requested -> active):
  custom:video-decoder-ogg-theora: a1e56fd34408186e4bbccfd4996cb3dc -> 
  custom:container-muxer-webm: aa71ff27fc2769a1b78a27578f13a17b -> 
  custom:container-demuxer-webm: 4f35f7cbe854078d1ac9338744f61a02 -> 
  custom:video-encoder-webm-vp8: eb34c28f22e8b96e1ab97ce403110664 -> 
  custom:audio-encoder-webm-vorbis: bf7c407c2cedff20999df2af8eb42d56 -> 
  custom:framework-win-MediaFoundation: 216162199b28c13a410421893ffa2e32 -> 
  custom:container-demuxer-ogg: 62fdf1f143b41e24485cea50d1cbac27 -> 
  custom:video-decoder-webm-vp8: 9c59270c3fd7afecdb556c50c9e8de78 -> 
  custom:audio-decoder-ogg-vorbis: bf7c407c2cedff20999df2af8eb42d56 -> 
========================================================================
Received Prepare
Registering precompiled user dll's ...
Registered in 0.008448 seconds.
Begin MonoManager ReloadAssembly
Symbol file LoadedFromMemory doesn't match image C:\Users\Administrator\Desktop\유니티 3 수업\Endless Run\Library\PackageCache\com.unity.visualscripting@1.7.8\Editor\VisualScripting.Core\Dependencies\YamlDotNet\Unity.VisualScripting.YamlDotNet.dll
Symbol file LoadedFromMemory doesn't match image C:\Users\Administrator\Desktop\유니티 3 수업\Endless Run\Library\PackageCache\com.unity.visualscripting@1.7.8\Editor\VisualScripting.Core\Dependencies\DotNetZip\Unity.VisualScripting.IonicZip.dll
Native extension for WindowsStandalone target not found
Native extension for Android target not found
Refreshing native plugins compatible for Editor in 1.06 ms, found 3 plugins.
Preloading 0 native plugins for Editor in 0.00 ms.
Mono: successfully reloaded assembly
- Completed reload, in  1.150 seconds
Domain Reload Profiling:
	ReloadAssembly (1151ms)
		BeginReloadAssembly (153ms)
			ExecutionOrderSort (0ms)
			DisableScriptedObjects (7ms)
			BackupInstance (0ms)
			ReleaseScriptingObjects (0ms)
			CreateAndSetChildDomain (45ms)
		EndReloadAssembly (903ms)
			LoadAssemblies (102ms)
			RebuildTransferFunctionScriptingTraits (0ms)
			SetupTypeCache (283ms)
			ReleaseScriptCaches (2ms)
			RebuildScriptCaches (49ms)
			SetupLoadedEditorAssemblies (414ms)
				LogAssemblyErrors (0ms)
				InitializePlatformSupportModulesInManaged (27ms)
				SetLoadedEditorAssemblies (0ms)
				RefreshPlugins (1ms)
				BeforeProcessingInitializeOnLoad (84ms)
				ProcessInitializeOnLoadAttributes (260ms)
				ProcessInitializeOnLoadMethodAttributes (29ms)
				AfterProcessingInitializeOnLoad (12ms)
				EditorAssembliesLoaded (0ms)
			ExecutionOrderSort2 (0ms)
			AwakeInstancesAfterBackupRestoration (8ms)
Platform modules already initialized, skipping
Refreshing native plugins compatible for Editor in 2.43 ms, found 3 plugins.
Preloading 0 native plugins for Editor in 0.00 ms.
Unloading 3360 Unused Serialized files (Serialized files now loaded: 0)
Unloading 20 unused Assets / (80.6 KB). Loaded Objects now: 3913.
Memory consumption went from 129.6 MB to 129.5 MB.
Total: 3.573800 ms (FindLiveObjects: 0.290700 ms CreateObjectMapping: 0.232200 ms MarkObjects: 2.914000 ms  DeleteObjects: 0.135400 ms)

AssetImportParameters requested are different than current active one (requested -> active):
  custom:video-decoder-ogg-theora: a1e56fd34408186e4bbccfd4996cb3dc -> 
  custom:container-muxer-webm: aa71ff27fc2769a1b78a27578f13a17b -> 
  custom:container-demuxer-webm: 4f35f7cbe854078d1ac9338744f61a02 -> 
  custom:video-encoder-webm-vp8: eb34c28f22e8b96e1ab97ce403110664 -> 
  custom:audio-encoder-webm-vorbis: bf7c407c2cedff20999df2af8eb42d56 -> 
  custom:framework-win-MediaFoundation: 216162199b28c13a410421893ffa2e32 -> 
  custom:container-demuxer-ogg: 62fdf1f143b41e24485cea50d1cbac27 -> 
  custom:video-decoder-webm-vp8: 9c59270c3fd7afecdb556c50c9e8de78 -> 
  custom:audio-decoder-ogg-vorbis: bf7c407c2cedff20999df2af8eb42d56 -> 
========================================================================
Received Prepare
Registering precompiled user dll's ...
Registered in 0.005770 seconds.
Begin MonoManager ReloadAssembly
Symbol file LoadedFromMemory doesn't match image C:\Users\Administrator\Desktop\유니티 3 수업\Endless Run\Library\PackageCache\com.unity.visualscripting@1.7.8\Editor\VisualScripting.Core\Dependencies\YamlDotNet\Unity.VisualScripting.YamlDotNet.dll
Symbol file LoadedFromMemory doesn't match image C:\Users\Administrator\Desktop\유니티 3 수업\Endless Run\Library\PackageCache\com.unity.visualscripting@1.7.8\Editor\VisualScripting.Core\Dependencies\DotNetZip\Unity.VisualScripting.IonicZip.dll
Native extension for WindowsStandalone target not found
Native extension for Android target not found
Refreshing native plugins compatible for Editor in 1.46 ms, found 3 plugins.
Preloading 0 native plugins for Editor in 0.00 ms.
Mono: successfully reloaded assembly
- Completed reload, in  1.034 seconds
Domain Reload Profiling:
	ReloadAssembly (1034ms)
		BeginReloadAssembly (151ms)
			ExecutionOrderSort (0ms)
			DisableScriptedObjects (6ms)
			BackupInstance (0ms)
			ReleaseScriptingObjects (0ms)
			CreateAndSetChildDomain (40ms)
		EndReloadAssembly (780ms)
			LoadAssemblies (111ms)
			RebuildTransferFunctionScriptingTraits (0ms)
			SetupTypeCache (267ms)
			ReleaseScriptCaches (1ms)
			RebuildScriptCaches (40ms)
			SetupLoadedEditorAssemblies (335ms)
				LogAssemblyErrors (0ms)
				InitializePlatformSupportModulesInManaged (22ms)
				SetLoadedEditorAssemblies (1ms)
				RefreshPlugins (2ms)
				BeforeProcessingInitializeOnLoad (81ms)
				ProcessInitializeOnLoadAttributes (196ms)
				ProcessInitializeOnLoadMethodAttributes (25ms)
				AfterProcessingInitializeOnLoad (9ms)
				EditorAssembliesLoaded (0ms)
			ExecutionOrderSort2 (0ms)
			AwakeInstancesAfterBackupRestoration (8ms)
Platform modules already initialized, skipping
Refreshing native plugins compatible for Editor in 2.18 ms, found 3 plugins.
Preloading 0 native plugins for Editor in 0.00 ms.
Unloading 3360 Unused Serialized files (Serialized files now loaded: 0)
Unloading 20 unused Assets / (80.6 KB). Loaded Objects now: 3916.
Memory consumption went from 129.6 MB to 129.5 MB.
Total: 2.937500 ms (FindLiveObjects: 0.265900 ms CreateObjectMapping: 0.162100 ms MarkObjects: 2.412800 ms  DeleteObjects: 0.095500 ms)

AssetImportParameters requested are different than current active one (requested -> active):
  custom:video-decoder-ogg-theora: a1e56fd34408186e4bbccfd4996cb3dc -> 
  custom:container-muxer-webm: aa71ff27fc2769a1b78a27578f13a17b -> 
  custom:container-demuxer-webm: 4f35f7cbe854078d1ac9338744f61a02 -> 
  custom:video-encoder-webm-vp8: eb34c28f22e8b96e1ab97ce403110664 -> 
  custom:audio-encoder-webm-vorbis: bf7c407c2cedff20999df2af8eb42d56 -> 
  custom:framework-win-MediaFoundation: 216162199b28c13a410421893ffa2e32 -> 
  custom:container-demuxer-ogg: 62fdf1f143b41e24485cea50d1cbac27 -> 
  custom:video-decoder-webm-vp8: 9c59270c3fd7afecdb556c50c9e8de78 -> 
  custom:audio-decoder-ogg-vorbis: bf7c407c2cedff20999df2af8eb42d56 -> 
========================================================================
Received Prepare
Registering precompiled user dll's ...
Registered in 0.005968 seconds.
Begin MonoManager ReloadAssembly
Symbol file LoadedFromMemory doesn't match image C:\Users\Administrator\Desktop\유니티 3 수업\Endless Run\Library\PackageCache\com.unity.visualscripting@1.7.8\Editor\VisualScripting.Core\Dependencies\YamlDotNet\Unity.VisualScripting.YamlDotNet.dll
Symbol file LoadedFromMemory doesn't match image C:\Users\Administrator\Desktop\유니티 3 수업\Endless Run\Library\PackageCache\com.unity.visualscripting@1.7.8\Editor\VisualScripting.Core\Dependencies\DotNetZip\Unity.VisualScripting.IonicZip.dll
Native extension for WindowsStandalone target not found
Native extension for Android target not found
Refreshing native plugins compatible for Editor in 0.92 ms, found 3 plugins.
Preloading 0 native plugins for Editor in 0.00 ms.
Mono: successfully reloaded assembly
- Completed reload, in  1.136 seconds
Domain Reload Profiling:
	ReloadAssembly (1137ms)
		BeginReloadAssembly (153ms)
			ExecutionOrderSort (0ms)
			DisableScriptedObjects (6ms)
			BackupInstance (0ms)
			ReleaseScriptingObjects (0ms)
			CreateAndSetChildDomain (46ms)
		EndReloadAssembly (884ms)
			LoadAssemblies (106ms)
			RebuildTransferFunctionScriptingTraits (0ms)
			SetupTypeCache (299ms)
			ReleaseScriptCaches (1ms)
			RebuildScriptCaches (52ms)
			SetupLoadedEditorAssemblies (382ms)
				LogAssemblyErrors (0ms)
				InitializePlatformSupportModulesInManaged (27ms)
				SetLoadedEditorAssemblies (0ms)
				RefreshPlugins (1ms)
				BeforeProcessingInitializeOnLoad (86ms)
				ProcessInitializeOnLoadAttributes (229ms)
				ProcessInitializeOnLoadMethodAttributes (28ms)
				AfterProcessingInitializeOnLoad (10ms)
				EditorAssembliesLoaded (0ms)
			ExecutionOrderSort2 (0ms)
			AwakeInstancesAfterBackupRestoration (9ms)
Platform modules already initialized, skipping
Refreshing native plugins compatible for Editor in 2.26 ms, found 3 plugins.
Preloading 0 native plugins for Editor in 0.00 ms.
Unloading 3360 Unused Serialized files (Serialized files now loaded: 0)
Unloading 20 unused Assets / (80.4 KB). Loaded Objects now: 3919.
Memory consumption went from 129.7 MB to 129.7 MB.
Total: 4.585400 ms (FindLiveObjects: 0.387300 ms CreateObjectMapping: 0.338400 ms MarkObjects: 3.694600 ms  DeleteObjects: 0.163200 ms)

AssetImportParameters requested are different than current active one (requested -> active):
  custom:video-decoder-ogg-theora: a1e56fd34408186e4bbccfd4996cb3dc -> 
  custom:container-muxer-webm: aa71ff27fc2769a1b78a27578f13a17b -> 
  custom:container-demuxer-webm: 4f35f7cbe854078d1ac9338744f61a02 -> 
  custom:video-encoder-webm-vp8: eb34c28f22e8b96e1ab97ce403110664 -> 
  custom:audio-encoder-webm-vorbis: bf7c407c2cedff20999df2af8eb42d56 -> 
  custom:framework-win-MediaFoundation: 216162199b28c13a410421893ffa2e32 -> 
  custom:container-demuxer-ogg: 62fdf1f143b41e24485cea50d1cbac27 -> 
  custom:video-decoder-webm-vp8: 9c59270c3fd7afecdb556c50c9e8de78 -> 
  custom:audio-decoder-ogg-vorbis: bf7c407c2cedff20999df2af8eb42d56 -> 
========================================================================
Received Prepare
Registering precompiled user dll's ...
Registered in 0.006175 seconds.
Begin MonoManager ReloadAssembly
Symbol file LoadedFromMemory doesn't match image C:\Users\Administrator\Desktop\유니티 3 수업\Endless Run\Library\PackageCache\com.unity.visualscripting@1.7.8\Editor\VisualScripting.Core\Dependencies\YamlDotNet\Unity.VisualScripting.YamlDotNet.dll
Symbol file LoadedFromMemory doesn't match image C:\Users\Administrator\Desktop\유니티 3 수업\Endless Run\Library\PackageCache\com.unity.visualscripting@1.7.8\Editor\VisualScripting.Core\Dependencies\DotNetZip\Unity.VisualScripting.IonicZip.dll
Native extension for WindowsStandalone target not found
Native extension for Android target not found
Refreshing native plugins compatible for Editor in 0.78 ms, found 3 plugins.
Preloading 0 native plugins for Editor in 0.00 ms.
Mono: successfully reloaded assembly
- Completed reload, in  1.230 seconds
Domain Reload Profiling:
	ReloadAssembly (1231ms)
		BeginReloadAssembly (163ms)
			ExecutionOrderSort (0ms)
			DisableScriptedObjects (6ms)
			BackupInstance (0ms)
			ReleaseScriptingObjects (0ms)
			CreateAndSetChildDomain (53ms)
		EndReloadAssembly (965ms)
			LoadAssemblies (109ms)
			RebuildTransferFunctionScriptingTraits (0ms)
			SetupTypeCache (305ms)
			ReleaseScriptCaches (2ms)
			RebuildScriptCaches (56ms)
			SetupLoadedEditorAssemblies (447ms)
				LogAssemblyErrors (0ms)
				InitializePlatformSupportModulesInManaged (29ms)
				SetLoadedEditorAssemblies (0ms)
				RefreshPlugins (1ms)
				BeforeProcessingInitializeOnLoad (85ms)
				ProcessInitializeOnLoadAttributes (291ms)
				ProcessInitializeOnLoadMethodAttributes (29ms)
				AfterProcessingInitializeOnLoad (12ms)
				EditorAssembliesLoaded (0ms)
			ExecutionOrderSort2 (0ms)
			AwakeInstancesAfterBackupRestoration (8ms)
Platform modules already initialized, skipping
Refreshing native plugins compatible for Editor in 3.67 ms, found 3 plugins.
Preloading 0 native plugins for Editor in 0.00 ms.
Unloading 3360 Unused Serialized files (Serialized files now loaded: 0)
Unloading 20 unused Assets / (80.6 KB). Loaded Objects now: 3922.
Memory consumption went from 129.7 MB to 129.7 MB.
Total: 3.683300 ms (FindLiveObjects: 0.416100 ms CreateObjectMapping: 0.328800 ms MarkObjects: 2.779400 ms  DeleteObjects: 0.157800 ms)

AssetImportParameters requested are different than current active one (requested -> active):
  custom:video-decoder-ogg-theora: a1e56fd34408186e4bbccfd4996cb3dc -> 
  custom:container-muxer-webm: aa71ff27fc2769a1b78a27578f13a17b -> 
  custom:container-demuxer-webm: 4f35f7cbe854078d1ac9338744f61a02 -> 
  custom:video-encoder-webm-vp8: eb34c28f22e8b96e1ab97ce403110664 -> 
  custom:audio-encoder-webm-vorbis: bf7c407c2cedff20999df2af8eb42d56 -> 
  custom:framework-win-MediaFoundation: 216162199b28c13a410421893ffa2e32 -> 
  custom:container-demuxer-ogg: 62fdf1f143b41e24485cea50d1cbac27 -> 
  custom:video-decoder-webm-vp8: 9c59270c3fd7afecdb556c50c9e8de78 -> 
  custom:audio-decoder-ogg-vorbis: bf7c407c2cedff20999df2af8eb42d56 -> 
========================================================================
Received Prepare
Registering precompiled user dll's ...
Registered in 0.005988 seconds.
Begin MonoManager ReloadAssembly
Symbol file LoadedFromMemory doesn't match image C:\Users\Administrator\Desktop\유니티 3 수업\Endless Run\Library\PackageCache\com.unity.visualscripting@1.7.8\Editor\VisualScripting.Core\Dependencies\YamlDotNet\Unity.VisualScripting.YamlDotNet.dll
Symbol file LoadedFromMemory doesn't match image C:\Users\Administrator\Desktop\유니티 3 수업\Endless Run\Library\PackageCache\com.unity.visualscripting@1.7.8\Editor\VisualScripting.Core\Dependencies\DotNetZip\Unity.VisualScripting.IonicZip.dll
Native extension for WindowsStandalone target not found
Native extension for Android target not found
Refreshing native plugins compatible for Editor in 1.01 ms, found 3 plugins.
Preloading 0 native plugins for Editor in 0.00 ms.
Mono: successfully reloaded assembly
- Completed reload, in  1.141 seconds
Domain Reload Profiling:
	ReloadAssembly (1142ms)
		BeginReloadAssembly (153ms)
			ExecutionOrderSort (0ms)
			DisableScriptedObjects (7ms)
			BackupInstance (0ms)
			ReleaseScriptingObjects (0ms)
			CreateAndSetChildDomain (43ms)
		EndReloadAssembly (894ms)
			LoadAssemblies (102ms)
			RebuildTransferFunctionScriptingTraits (0ms)
			SetupTypeCache (300ms)
			ReleaseScriptCaches (2ms)
			RebuildScriptCaches (52ms)
			SetupLoadedEditorAssemblies (392ms)
				LogAssemblyErrors (0ms)
				InitializePlatformSupportModulesInManaged (26ms)
				SetLoadedEditorAssemblies (1ms)
				RefreshPlugins (1ms)
				BeforeProcessingInitializeOnLoad (86ms)
				ProcessInitializeOnLoadAttributes (232ms)
				ProcessInitializeOnLoadMethodAttributes (35ms)
				AfterProcessingInitializeOnLoad (11ms)
				EditorAssembliesLoaded (0ms)
			ExecutionOrderSort2 (0ms)
			AwakeInstancesAfterBackupRestoration (10ms)
Platform modules already initialized, skipping
Refreshing native plugins compatible for Editor in 3.05 ms, found 3 plugins.
Preloading 0 native plugins for Editor in 0.00 ms.
Unloading 3360 Unused Serialized files (Serialized files now loaded: 0)
Unloading 20 unused Assets / (80.6 KB). Loaded Objects now: 3925.
Memory consumption went from 129.7 MB to 129.7 MB.
Total: 5.307600 ms (FindLiveObjects: 0.798600 ms CreateObjectMapping: 0.475400 ms MarkObjects: 3.823200 ms  DeleteObjects: 0.208600 ms)

AssetImportParameters requested are different than current active one (requested -> active):
  custom:video-decoder-ogg-theora: a1e56fd34408186e4bbccfd4996cb3dc -> 
  custom:container-muxer-webm: aa71ff27fc2769a1b78a27578f13a17b -> 
  custom:container-demuxer-webm: 4f35f7cbe854078d1ac9338744f61a02 -> 
  custom:video-encoder-webm-vp8: eb34c28f22e8b96e1ab97ce403110664 -> 
  custom:audio-encoder-webm-vorbis: bf7c407c2cedff20999df2af8eb42d56 -> 
  custom:framework-win-MediaFoundation: 216162199b28c13a410421893ffa2e32 -> 
  custom:container-demuxer-ogg: 62fdf1f143b41e24485cea50d1cbac27 -> 
  custom:video-decoder-webm-vp8: 9c59270c3fd7afecdb556c50c9e8de78 -> 
  custom:audio-decoder-ogg-vorbis: bf7c407c2cedff20999df2af8eb42d56 -> 
========================================================================
Received Prepare
Registering precompiled user dll's ...
Registered in 0.006707 seconds.
Begin MonoManager ReloadAssembly
Symbol file LoadedFromMemory doesn't match image C:\Users\Administrator\Desktop\유니티 3 수업\Endless Run\Library\PackageCache\com.unity.visualscripting@1.7.8\Editor\VisualScripting.Core\Dependencies\YamlDotNet\Unity.VisualScripting.YamlDotNet.dll
Symbol file LoadedFromMemory doesn't match image C:\Users\Administrator\Desktop\유니티 3 수업\Endless Run\Library\PackageCache\com.unity.visualscripting@1.7.8\Editor\VisualScripting.Core\Dependencies\DotNetZip\Unity.VisualScripting.IonicZip.dll
Native extension for WindowsStandalone target not found
Native extension for Android target not found
Refreshing native plugins compatible for Editor in 1.14 ms, found 3 plugins.
Preloading 0 native plugins for Editor in 0.00 ms.
Mono: successfully reloaded assembly
- Completed reload, in  1.172 seconds
Domain Reload Profiling:
	ReloadAssembly (1172ms)
		BeginReloadAssembly (161ms)
			ExecutionOrderSort (0ms)
			DisableScriptedObjects (6ms)
			BackupInstance (0ms)
			ReleaseScriptingObjects (0ms)
			CreateAndSetChildDomain (42ms)
		EndReloadAssembly (918ms)
			LoadAssemblies (109ms)
			RebuildTransferFunctionScriptingTraits (0ms)
			SetupTypeCache (310ms)
			ReleaseScriptCaches (1ms)
			RebuildScriptCaches (53ms)
			SetupLoadedEditorAssemblies (404ms)
				LogAssemblyErrors (0ms)
				InitializePlatformSupportModulesInManaged (27ms)
				SetLoadedEditorAssemblies (1ms)
				RefreshPlugins (1ms)
				BeforeProcessingInitializeOnLoad (84ms)
				ProcessInitializeOnLoadAttributes (252ms)
				ProcessInitializeOnLoadMethodAttributes (28ms)
				AfterProcessingInitializeOnLoad (11ms)
				EditorAssembliesLoaded (0ms)
			ExecutionOrderSort2 (0ms)
			AwakeInstancesAfterBackupRestoration (10ms)
Platform modules already initialized, skipping
Refreshing native plugins compatible for Editor in 2.45 ms, found 3 plugins.
Preloading 0 native plugins for Editor in 0.00 ms.
Unloading 3360 Unused Serialized files (Serialized files now loaded: 0)
Unloading 20 unused Assets / (80.7 KB). Loaded Objects now: 3928.
Memory consumption went from 129.8 MB to 129.7 MB.
Total: 4.032500 ms (FindLiveObjects: 0.271700 ms CreateObjectMapping: 0.226400 ms MarkObjects: 3.396900 ms  DeleteObjects: 0.136700 ms)

AssetImportParameters requested are different than current active one (requested -> active):
  custom:video-decoder-ogg-theora: a1e56fd34408186e4bbccfd4996cb3dc -> 
  custom:container-muxer-webm: aa71ff27fc2769a1b78a27578f13a17b -> 
  custom:container-demuxer-webm: 4f35f7cbe854078d1ac9338744f61a02 -> 
  custom:video-encoder-webm-vp8: eb34c28f22e8b96e1ab97ce403110664 -> 
  custom:audio-encoder-webm-vorbis: bf7c407c2cedff20999df2af8eb42d56 -> 
  custom:framework-win-MediaFoundation: 216162199b28c13a410421893ffa2e32 -> 
  custom:container-demuxer-ogg: 62fdf1f143b41e24485cea50d1cbac27 -> 
  custom:video-decoder-webm-vp8: 9c59270c3fd7afecdb556c50c9e8de78 -> 
  custom:audio-decoder-ogg-vorbis: bf7c407c2cedff20999df2af8eb42d56 -> 
========================================================================
Received Import Request.
  Time since last request: 1563.822840 seconds.
  path: Assets/Effects/Magic effects pack/Prefabs/AoE effects/Meteors AOE.prefab
  artifactKey: Guid(3355f6bfa6db8b24281b827de929694c) Importer(815301076,1909f56bfc062723c751e8b465ee728b)
Start importing Assets/Effects/Magic effects pack/Prefabs/AoE effects/Meteors AOE.prefab using Guid(3355f6bfa6db8b24281b827de929694c) Importer(815301076,1909f56bfc062723c751e8b465ee728b)  -> (artifact id: 'ce49e86ca31bba77d276eabcacc830e0') in 0.092002 seconds 
========================================================================
Received Import Request.
  Time since last request: 13.067014 seconds.
  path: Assets/Prefabs/Coin.prefab
  artifactKey: Guid(4abac2e6cf169274a9eeab858d3a0d08) Importer(815301076,1909f56bfc062723c751e8b465ee728b)
Start importing Assets/Prefabs/Coin.prefab using Guid(4abac2e6cf169274a9eeab858d3a0d08) Importer(815301076,1909f56bfc062723c751e8b465ee728b)  -> (artifact id: 'ceda1911dbdb5c8cb0397a770fe2f519') in 0.046924 seconds 
========================================================================
Received Import Request.
  Time since last request: 0.000056 seconds.
  path: Assets/Prefabs/Third Road.prefab
  artifactKey: Guid(3432014a55ae485498a1ddf36b802209) Importer(815301076,1909f56bfc062723c751e8b465ee728b)
Start importing Assets/Prefabs/Third Road.prefab using Guid(3432014a55ae485498a1ddf36b802209) Importer(815301076,1909f56bfc062723c751e8b465ee728b)  -> (artifact id: 'ce3f265b4277a7e7462714e6480a71ed') in 0.048532 seconds 
========================================================================
Received Import Request.
  Time since last request: 17.342607 seconds.
  path: Assets/Prefabs/Item
  artifactKey: Guid(246537c4c217e3444bd18bf85871aaab) Importer(815301076,1909f56bfc062723c751e8b465ee728b)
Start importing Assets/Prefabs/Item using Guid(246537c4c217e3444bd18bf85871aaab) Importer(815301076,1909f56bfc062723c751e8b465ee728b)  -> (artifact id: 'e42a2944f745392613c4dd5d0e983c51') in 0.002511 seconds 
========================================================================
Received Import Request.
  Time since last request: 6.579099 seconds.
  path: Assets/Prefabs/Obstacle
  artifactKey: Guid(786d91ef29ec9e64ab65fe39cedf73bf) Importer(815301076,1909f56bfc062723c751e8b465ee728b)
Start importing Assets/Prefabs/Obstacle using Guid(786d91ef29ec9e64ab65fe39cedf73bf) Importer(815301076,1909f56bfc062723c751e8b465ee728b)  -> (artifact id: '70ff7f75fded80ecdc3d263d9fab5cc4') in 0.008006 seconds 
========================================================================
Received Import Request.
  Time since last request: 5.503307 seconds.
  path: Assets/Prefabs/Road
  artifactKey: Guid(b0d0e4616b61fe643af0fe9a202701ba) Importer(815301076,1909f56bfc062723c751e8b465ee728b)
Start importing Assets/Prefabs/Road using Guid(b0d0e4616b61fe643af0fe9a202701ba) Importer(815301076,1909f56bfc062723c751e8b465ee728b)  -> (artifact id: 'd76c73fc0173a1f069af6c5a1ff90091') in 0.007344 seconds 
========================================================================
Received Import Request.
  Time since last request: 80.447618 seconds.
  path: Assets/Scenes
  artifactKey: Guid(6ea315d0fd7389c41b19996891e99ae3) Importer(815301076,1909f56bfc062723c751e8b465ee728b)
Start importing Assets/Scenes using Guid(6ea315d0fd7389c41b19996891e99ae3) Importer(815301076,1909f56bfc062723c751e8b465ee728b)  -> (artifact id: 'b8193726cff86800c54781cdc6d54904') in 0.007930 seconds 
========================================================================
Received Import Request.
  Time since last request: 21.867377 seconds.
  path: Assets/Scenes/Prafab Variant.unity
  artifactKey: Guid(f2355ae9eb997ce48b8032aa3fd9c379) Importer(815301076,1909f56bfc062723c751e8b465ee728b)
Start importing Assets/Scenes/Prafab Variant.unity using Guid(f2355ae9eb997ce48b8032aa3fd9c379) Importer(815301076,1909f56bfc062723c751e8b465ee728b)  -> (artifact id: '9780cb52e833ef426e9070d258a66136') in 0.007078 seconds 
========================================================================
Received Import Request.
  Time since last request: 911.870946 seconds.
  path: Assets/Prefabs/Road/First Road.prefab
  artifactKey: Guid(8b0aca3a0f6d72c4c8536cd547173e2b) Importer(815301076,1909f56bfc062723c751e8b465ee728b)
Start importing Assets/Prefabs/Road/First Road.prefab using Guid(8b0aca3a0f6d72c4c8536cd547173e2b) Importer(815301076,1909f56bfc062723c751e8b465ee728b)  -> (artifact id: '2eddc2b69950f141fa3e9774935ad69b') in 0.067337 seconds 
========================================================================
Received Import Request.
  Time since last request: 0.834431 seconds.
  path: Assets/Prefabs/Item/Coin.prefab
  artifactKey: Guid(4abac2e6cf169274a9eeab858d3a0d08) Importer(815301076,1909f56bfc062723c751e8b465ee728b)
Start importing Assets/Prefabs/Item/Coin.prefab using Guid(4abac2e6cf169274a9eeab858d3a0d08) Importer(815301076,1909f56bfc062723c751e8b465ee728b)  -> (artifact id: 'b3b89e7022e143725d1ebaf1a046f48d') in 0.022804 seconds 
========================================================================
Received Import Request.
  Time since last request: 60.827238 seconds.
  path: Assets/Prefabs/Variants
  artifactKey: Guid(90390ecb0fdd681439efa5399e4cd2f4) Importer(815301076,1909f56bfc062723c751e8b465ee728b)
Start importing Assets/Prefabs/Variants using Guid(90390ecb0fdd681439efa5399e4cd2f4) Importer(815301076,1909f56bfc062723c751e8b465ee728b)  -> (artifact id: 'f382edeb9d441f9a6106c503d327d2c0') in 0.007135 seconds 
========================================================================
Received Import Request.
  Time since last request: 21.352228 seconds.
  path: Assets/Prefabs/Variants/Bench Variant.prefab
  artifactKey: Guid(ae78dbec27fdf844589812a69d2346b5) Importer(815301076,1909f56bfc062723c751e8b465ee728b)
Start importing Assets/Prefabs/Variants/Bench Variant.prefab using Guid(ae78dbec27fdf844589812a69d2346b5) Importer(815301076,1909f56bfc062723c751e8b465ee728b)  -> (artifact id: '8e801955e01948e28bd07433fcf9d6d3') in 0.015620 seconds 
========================================================================
Received Import Request.
  Time since last request: 112.202167 seconds.
  path: Assets/Scenes/Prafab Variant.unity
  artifactKey: Guid(f2355ae9eb997ce48b8032aa3fd9c379) Importer(815301076,1909f56bfc062723c751e8b465ee728b)
Start importing Assets/Scenes/Prafab Variant.unity using Guid(f2355ae9eb997ce48b8032aa3fd9c379) Importer(815301076,1909f56bfc062723c751e8b465ee728b)  -> (artifact id: 'f0356654fac1ada04d8f6896aaca6b54') in 0.003822 seconds 
========================================================================
Received Import Request.
  Time since last request: 212.283067 seconds.
  path: Assets/Prefabs/Variants/New Prefab.prefab
  artifactKey: Guid(6a05a99101107c049b1bfd6006c337bd) Importer(815301076,1909f56bfc062723c751e8b465ee728b)
Start importing Assets/Prefabs/Variants/New Prefab.prefab using Guid(6a05a99101107c049b1bfd6006c337bd) Importer(815301076,1909f56bfc062723c751e8b465ee728b)  -> (artifact id: '51e740bfdbd3ac7caa8567b57345446e') in 0.009418 seconds 
========================================================================
Received Import Request.
  Time since last request: 42.464032 seconds.
  path: Assets/Prefabs/Variants/Bench Variant Variant.prefab
  artifactKey: Guid(b1b4e22154e2fd043a0d76040709ec6e) Importer(815301076,1909f56bfc062723c751e8b465ee728b)
Start importing Assets/Prefabs/Variants/Bench Variant Variant.prefab using Guid(b1b4e22154e2fd043a0d76040709ec6e) Importer(815301076,1909f56bfc062723c751e8b465ee728b)  -> (artifact id: '230464cf74c06f75854ebe7d1bdd252e') in 0.019272 seconds 
========================================================================
Received Import Request.
  Time since last request: 17.744227 seconds.
  path: Assets/Prefabs/Variants/Barriar.prefab
  artifactKey: Guid(195e5d0f07c23e74593d91d317d648af) Importer(815301076,1909f56bfc062723c751e8b465ee728b)
Start importing Assets/Prefabs/Variants/Barriar.prefab using Guid(195e5d0f07c23e74593d91d317d648af) Importer(815301076,1909f56bfc062723c751e8b465ee728b)  -> (artifact id: '419ac7acbd0f77c420293db964a20585') in 0.013371 seconds 
========================================================================
Received Import Request.
  Time since last request: 27.881706 seconds.
  path: Assets/Prefabs/Variants/Barriar Variant.prefab
  artifactKey: Guid(5a96fed56d1dc4948b78e2d5c866b584) Importer(815301076,1909f56bfc062723c751e8b465ee728b)
Start importing Assets/Prefabs/Variants/Barriar Variant.prefab using Guid(5a96fed56d1dc4948b78e2d5c866b584) Importer(815301076,1909f56bfc062723c751e8b465ee728b)  -> (artifact id: '65cf9e186d77512c0af47ec042da129b') in 0.013822 seconds 
========================================================================
Received Import Request.
  Time since last request: 41.968876 seconds.
  path: Assets/Prefabs/Variants/Fence.prefab
  artifactKey: Guid(ebb35300769c2364bb97a6878aa3e14b) Importer(815301076,1909f56bfc062723c751e8b465ee728b)
Start importing Assets/Prefabs/Variants/Fence.prefab using Guid(ebb35300769c2364bb97a6878aa3e14b) Importer(815301076,1909f56bfc062723c751e8b465ee728b)  -> (artifact id: 'aab404bd809425bc7604b0108e9a2dc0') in 0.016636 seconds 
========================================================================
Received Import Request.
  Time since last request: 14.986061 seconds.
  path: Assets/Prefabs/Variants/Fence Variant.prefab
  artifactKey: Guid(e1c64bd137d688443954e5f9068af5ee) Importer(815301076,1909f56bfc062723c751e8b465ee728b)
Start importing Assets/Prefabs/Variants/Fence Variant.prefab using Guid(e1c64bd137d688443954e5f9068af5ee) Importer(815301076,1909f56bfc062723c751e8b465ee728b)  -> (artifact id: '181d8dc0110ad52edc96fc3471ed9050') in 0.015925 seconds 
========================================================================
Received Import Request.
  Time since last request: 38.642155 seconds.
  path: Assets/Prefabs/Variants/Fence Variant 1.prefab
  artifactKey: Guid(d811e11878967e54e9437a89eafb87ba) Importer(815301076,1909f56bfc062723c751e8b465ee728b)
Start importing Assets/Prefabs/Variants/Fence Variant 1.prefab using Guid(d811e11878967e54e9437a89eafb87ba) Importer(815301076,1909f56bfc062723c751e8b465ee728b)  -> (artifact id: '3ec25fb9bad34844710aea6189564fc5') in 0.013825 seconds 
========================================================================
Received Import Request.
  Time since last request: 21.320112 seconds.
  path: Assets/Prefabs/Variants/Roof Variant.prefab
  artifactKey: Guid(d811e11878967e54e9437a89eafb87ba) Importer(815301076,1909f56bfc062723c751e8b465ee728b)
Start importing Assets/Prefabs/Variants/Roof Variant.prefab using Guid(d811e11878967e54e9437a89eafb87ba) Importer(815301076,1909f56bfc062723c751e8b465ee728b)  -> (artifact id: 'e5c21eccd5976258266a1ce6f78fcee2') in 0.015155 seconds 
========================================================================
Received Import Request.
  Time since last request: 4.843457 seconds.
  path: Assets/Items/Gem/Models/Gem.fbx
  artifactKey: Guid(11325f8951580b6408ba381320c84660) Importer(815301076,1909f56bfc062723c751e8b465ee728b)
Start importing Assets/Items/Gem/Models/Gem.fbx using Guid(11325f8951580b6408ba381320c84660) Importer(815301076,1909f56bfc062723c751e8b465ee728b)  -> (artifact id: '4ee8bea5d51eaa83ec7003a491787a25') in 0.051253 seconds 
========================================================================
Received Import Request.
  Time since last request: 4.750516 seconds.
  path: Assets/Prefabs/Variants/Roof Variant.prefab
  artifactKey: Guid(d811e11878967e54e9437a89eafb87ba) Importer(815301076,1909f56bfc062723c751e8b465ee728b)
Start importing Assets/Prefabs/Variants/Roof Variant.prefab using Guid(d811e11878967e54e9437a89eafb87ba) Importer(815301076,1909f56bfc062723c751e8b465ee728b)  -> (artifact id: '2c6c69577aefa4fb304185dd73448caa') in 0.013658 seconds 
========================================================================
Received Import Request.
  Time since last request: 11.491951 seconds.
  path: Assets/TextMesh Pro/Fonts/LiberationSans.ttf
  artifactKey: Guid(e3265ab4bf004d28a9537516768c1c75) Importer(815301076,1909f56bfc062723c751e8b465ee728b)
Start importing Assets/TextMesh Pro/Fonts/LiberationSans.ttf using Guid(e3265ab4bf004d28a9537516768c1c75) Importer(815301076,1909f56bfc062723c751e8b465ee728b)  -> (artifact id: 'f3bd036785823e2281556a384dd6489b') in 0.055815 seconds 
========================================================================
Received Import Request.
  Time since last request: 0.000022 seconds.
  path: Assets/Effects/Magic effects pack/Materials/Snowflake.mat
  artifactKey: Guid(110e8ef5ba5275f4c864c6b5190c7891) Importer(815301076,1909f56bfc062723c751e8b465ee728b)
Start importing Assets/Effects/Magic effects pack/Materials/Snowflake.mat using Guid(110e8ef5ba5275f4c864c6b5190c7891) Importer(815301076,1909f56bfc062723c751e8b465ee728b)  -> (artifact id: '7d31cdbdd658a04b1a539628464790e1') in 0.025008 seconds 
========================================================================
Received Import Request.
  Time since last request: 0.000060 seconds.
  path: Assets/Effects/Magic effects pack/Materials/MagicCircle2.mat
  artifactKey: Guid(b56ee68f36d76a648a742b6874f4d4a4) Importer(815301076,1909f56bfc062723c751e8b465ee728b)
Start importing Assets/Effects/Magic effects pack/Materials/MagicCircle2.mat using Guid(b56ee68f36d76a648a742b6874f4d4a4) Importer(815301076,1909f56bfc062723c751e8b465ee728b)  -> (artifact id: '8d08e090cd9366fb8abc64d57b3f2e8f') in 0.024783 seconds 
========================================================================
Received Import Request.
  Time since last request: 0.000036 seconds.
  path: Assets/Effects/Magic effects pack/Materials/Slash.mat
  artifactKey: Guid(8b3cc142b0783eb40be02cde5b31ca6a) Importer(815301076,1909f56bfc062723c751e8b465ee728b)
Start importing Assets/Effects/Magic effects pack/Materials/Slash.mat using Guid(8b3cc142b0783eb40be02cde5b31ca6a) Importer(815301076,1909f56bfc062723c751e8b465ee728b)  -> (artifact id: 'e6a8be5f9b5d32e0bf4cd9588fde02ef') in 0.012808 seconds 
========================================================================
Received Import Request.
  Time since last request: 0.000056 seconds.
  path: Assets/Effects/Magic effects pack/Materials/Heart.mat
  artifactKey: Guid(e97a79db1dd66ad4d8f70932abe94b73) Importer(815301076,1909f56bfc062723c751e8b465ee728b)
Start importing Assets/Effects/Magic effects pack/Materials/Heart.mat using Guid(e97a79db1dd66ad4d8f70932abe94b73) Importer(815301076,1909f56bfc062723c751e8b465ee728b)  -> (artifact id: 'a59e18040e9fe810561a6031d2c17af3') in 0.011788 seconds 
========================================================================
Received Import Request.
  Time since last request: 0.000030 seconds.
  path: Assets/Effects/Magic effects pack/Materials/Stone.mat
  artifactKey: Guid(5e01cbbef75a454468e5eb490ac64181) Importer(815301076,1909f56bfc062723c751e8b465ee728b)
Start importing Assets/Effects/Magic effects pack/Materials/Stone.mat using Guid(5e01cbbef75a454468e5eb490ac64181) Importer(815301076,1909f56bfc062723c751e8b465ee728b)  -> (artifact id: '79682fc5ae5617e55e76aa8decd48e62') in 0.023715 seconds 
========================================================================
Received Import Request.
  Time since last request: 0.000055 seconds.
  path: Assets/Effects/Magic effects pack/Materials/Mask1.mat
  artifactKey: Guid(96d60590d2a3f0143a9a84d4568d9de8) Importer(815301076,1909f56bfc062723c751e8b465ee728b)
Start importing Assets/Effects/Magic effects pack/Materials/Mask1.mat using Guid(96d60590d2a3f0143a9a84d4568d9de8) Importer(815301076,1909f56bfc062723c751e8b465ee728b)  -> (artifact id: 'c89a497ea7d40d3f1d4b3464f77983c8') in 0.020966 seconds 
========================================================================
Received Import Request.
  Time since last request: 0.000048 seconds.
  path: Assets/Effects/Magic effects pack/Materials/Smoke26.mat
  artifactKey: Guid(616a777eb757ff14c82a79feeb35d9b1) Importer(815301076,1909f56bfc062723c751e8b465ee728b)
Start importing Assets/Effects/Magic effects pack/Materials/Smoke26.mat using Guid(616a777eb757ff14c82a79feeb35d9b1) Importer(815301076,1909f56bfc062723c751e8b465ee728b)  -> (artifact id: 'c15ffbbae34a08b58d8cfdb9b058d784') in 0.017493 seconds 
========================================================================
Received Import Request.
  Time since last request: 0.000023 seconds.
  path: Assets/TextMesh Pro/Resources/Fonts & Materials/LiberationSans SDF - Drop Shadow.mat
  artifactKey: Guid(e73a58f6e2794ae7b1b7e50b7fb811b0) Importer(815301076,1909f56bfc062723c751e8b465ee728b)
Start importing Assets/TextMesh Pro/Resources/Fonts & Materials/LiberationSans SDF - Drop Shadow.mat using Guid(e73a58f6e2794ae7b1b7e50b7fb811b0) Importer(815301076,1909f56bfc062723c751e8b465ee728b)  -> (artifact id: 'ad5dffc224241278b67978509110d284') in 0.121693 seconds 
========================================================================
Received Import Request.
  Time since last request: 40.742152 seconds.
  path: Assets/Prefabs/Variants/Roof Variant.prefab
  artifactKey: Guid(d811e11878967e54e9437a89eafb87ba) Importer(815301076,1909f56bfc062723c751e8b465ee728b)
Start importing Assets/Prefabs/Variants/Roof Variant.prefab using Guid(d811e11878967e54e9437a89eafb87ba) Importer(815301076,1909f56bfc062723c751e8b465ee728b)  -> (artifact id: 'b561c8841b6638c8d042cd8e580c36ac') in 0.013565 seconds 
========================================================================
Received Import Request.
  Time since last request: 3.931092 seconds.
  path: Assets/SimplePoly City - Low Poly Assets/Models/Vehicle_Pick up Truck_separate.fbx
  artifactKey: Guid(c99e98d2e12a88c42912742cf2de3eb6) Importer(815301076,1909f56bfc062723c751e8b465ee728b)
Start importing Assets/SimplePoly City - Low Poly Assets/Models/Vehicle_Pick up Truck_separate.fbx using Guid(c99e98d2e12a88c42912742cf2de3eb6) Importer(815301076,1909f56bfc062723c751e8b465ee728b)  -> (artifact id: 'b2c914ed8f9964c40ec2b0bf42a1c708') in 0.077849 seconds 
========================================================================
Received Import Request.
  Time since last request: 0.000029 seconds.
  path: Assets/Items/Floppy/Models/Floppy.fbx
  artifactKey: Guid(e674d7edd28d779438249d02fe04396d) Importer(815301076,1909f56bfc062723c751e8b465ee728b)
Start importing Assets/Items/Floppy/Models/Floppy.fbx using Guid(e674d7edd28d779438249d02fe04396d) Importer(815301076,1909f56bfc062723c751e8b465ee728b)  -> (artifact id: '9d0a67320e97a308f3d1d7f7139876d8') in 0.033014 seconds 
========================================================================
Received Import Request.
  Time since last request: 0.000048 seconds.
  path: Assets/Items/Gear/Models/Gear.fbx
  artifactKey: Guid(ff11d6bf63037244788a6afc15da6643) Importer(815301076,1909f56bfc062723c751e8b465ee728b)
Start importing Assets/Items/Gear/Models/Gear.fbx using Guid(ff11d6bf63037244788a6afc15da6643) Importer(815301076,1909f56bfc062723c751e8b465ee728b)  -> (artifact id: '972eaa9d2f19665a7f6a14302c924863') in 0.027485 seconds 
========================================================================
Received Import Request.
  Time since last request: 0.000023 seconds.
  path: Assets/SimplePoly City - Low Poly Assets/Models/Vehicle_Police Car_separate.fbx
  artifactKey: Guid(9cfaa27d2ed0cb5489d16d0b33a850bb) Importer(815301076,1909f56bfc062723c751e8b465ee728b)
Start importing Assets/SimplePoly City - Low Poly Assets/Models/Vehicle_Police Car_separate.fbx using Guid(9cfaa27d2ed0cb5489d16d0b33a850bb) Importer(815301076,1909f56bfc062723c751e8b465ee728b)  -> (artifact id: '5a3e3ba27b8ac6011aaa8eb4c2794931') in 0.060305 seconds 
========================================================================
Received Import Request.
  Time since last request: 0.334088 seconds.
  path: Assets/Items/Battery/Models/BatteryAA.fbx
  artifactKey: Guid(ce5f5d2fe5375c2459d245aac4542e03) Importer(815301076,1909f56bfc062723c751e8b465ee728b)
Start importing Assets/Items/Battery/Models/BatteryAA.fbx using Guid(ce5f5d2fe5375c2459d245aac4542e03) Importer(815301076,1909f56bfc062723c751e8b465ee728b)  -> (artifact id: '965c3c30d9898960dbb1fd6f4d6ca23b') in 0.025054 seconds 
========================================================================
Received Import Request.
  Time since last request: 0.000029 seconds.
  path: Assets/SimplePoly City - Low Poly Assets/Models/Vehicle_Container_separate.fbx
  artifactKey: Guid(5e76bd7f638b280469d7653f47693abd) Importer(815301076,1909f56bfc062723c751e8b465ee728b)
Start importing Assets/SimplePoly City - Low Poly Assets/Models/Vehicle_Container_separate.fbx using Guid(5e76bd7f638b280469d7653f47693abd) Importer(815301076,1909f56bfc062723c751e8b465ee728b)  -> (artifact id: '555ddea3c04ff157a0fc8b34693c8399') in 0.082579 seconds 
========================================================================
Received Import Request.
  Time since last request: 0.945988 seconds.
  path: Assets/Prefabs/Variants/Roof Variant.prefab
  artifactKey: Guid(d811e11878967e54e9437a89eafb87ba) Importer(815301076,1909f56bfc062723c751e8b465ee728b)
Start importing Assets/Prefabs/Variants/Roof Variant.prefab using Guid(d811e11878967e54e9437a89eafb87ba) Importer(815301076,1909f56bfc062723c751e8b465ee728b)  -> (artifact id: '9d3a9d1b869e2d950bd3d92317d84a18') in 0.011471 seconds 
========================================================================
Received Import Request.
  Time since last request: 12.947158 seconds.
  path: Assets/Effects/Magic effects pack/Materials/Flare.mat
  artifactKey: Guid(818e127314f46c844a3b31d893dcfe6a) Importer(815301076,1909f56bfc062723c751e8b465ee728b)
Start importing Assets/Effects/Magic effects pack/Materials/Flare.mat using Guid(818e127314f46c844a3b31d893dcfe6a) Importer(815301076,1909f56bfc062723c751e8b465ee728b)  -> (artifact id: '70a0612cb7aee803a6bacabfdc2a860b') in 0.021524 seconds 
========================================================================
Received Import Request.
  Time since last request: 1.261687 seconds.
  path: Assets/Prefabs/Variants/Roof Variant.prefab
  artifactKey: Guid(d811e11878967e54e9437a89eafb87ba) Importer(815301076,1909f56bfc062723c751e8b465ee728b)
Start importing Assets/Prefabs/Variants/Roof Variant.prefab using Guid(d811e11878967e54e9437a89eafb87ba) Importer(815301076,1909f56bfc062723c751e8b465ee728b)  -> (artifact id: '675f6a0b7d2fa6876cc63d82865a0f97') in 0.015289 seconds 
========================================================================
Received Import Request.
  Time since last request: 188.995973 seconds.
  path: Assets/Prefabs/Variants/Roof Variant.prefab
  artifactKey: Guid(d811e11878967e54e9437a89eafb87ba) Importer(815301076,1909f56bfc062723c751e8b465ee728b)
Start importing Assets/Prefabs/Variants/Roof Variant.prefab using Guid(d811e11878967e54e9437a89eafb87ba) Importer(815301076,1909f56bfc062723c751e8b465ee728b)  -> (artifact id: '19916f72141334a649e039000e3aa215') in 0.012502 seconds 
========================================================================
Received Prepare
Registering precompiled user dll's ...
Registered in 0.005783 seconds.
Begin MonoManager ReloadAssembly
Symbol file LoadedFromMemory doesn't match image C:\Users\Administrator\Desktop\유니티 3 수업\Endless Run\Library\PackageCache\com.unity.visualscripting@1.7.8\Editor\VisualScripting.Core\Dependencies\YamlDotNet\Unity.VisualScripting.YamlDotNet.dll
Symbol file LoadedFromMemory doesn't match image C:\Users\Administrator\Desktop\유니티 3 수업\Endless Run\Library\PackageCache\com.unity.visualscripting@1.7.8\Editor\VisualScripting.Core\Dependencies\DotNetZip\Unity.VisualScripting.IonicZip.dll
Native extension for WindowsStandalone target not found
Native extension for Android target not found
Refreshing native plugins compatible for Editor in 1.09 ms, found 3 plugins.
Preloading 0 native plugins for Editor in 0.00 ms.
Mono: successfully reloaded assembly
- Completed reload, in  1.202 seconds
Domain Reload Profiling:
	ReloadAssembly (1203ms)
		BeginReloadAssembly (276ms)
			ExecutionOrderSort (0ms)
			DisableScriptedObjects (9ms)
			BackupInstance (0ms)
			ReleaseScriptingObjects (0ms)
			CreateAndSetChildDomain (120ms)
		EndReloadAssembly (812ms)
			LoadAssemblies (125ms)
			RebuildTransferFunctionScriptingTraits (0ms)
			SetupTypeCache (279ms)
			ReleaseScriptCaches (1ms)
			RebuildScriptCaches (40ms)
			SetupLoadedEditorAssemblies (350ms)
				LogAssemblyErrors (0ms)
				InitializePlatformSupportModulesInManaged (23ms)
				SetLoadedEditorAssemblies (1ms)
				RefreshPlugins (1ms)
				BeforeProcessingInitializeOnLoad (73ms)
				ProcessInitializeOnLoadAttributes (202ms)
				ProcessInitializeOnLoadMethodAttributes (38ms)
				AfterProcessingInitializeOnLoad (12ms)
				EditorAssembliesLoaded (0ms)
			ExecutionOrderSort2 (0ms)
			AwakeInstancesAfterBackupRestoration (7ms)
Platform modules already initialized, skipping
Refreshing native plugins compatible for Editor in 2.09 ms, found 3 plugins.
Preloading 0 native plugins for Editor in 0.00 ms.
Unloading 3360 Unused Serialized files (Serialized files now loaded: 0)
Unloading 22 unused Assets / (82.4 KB). Loaded Objects now: 3939.
Memory consumption went from 130.0 MB to 130.0 MB.
Total: 3.274300 ms (FindLiveObjects: 0.264300 ms CreateObjectMapping: 0.165400 ms MarkObjects: 2.726900 ms  DeleteObjects: 0.116500 ms)

AssetImportParameters requested are different than current active one (requested -> active):
  custom:video-decoder-ogg-theora: a1e56fd34408186e4bbccfd4996cb3dc -> 
  custom:container-muxer-webm: aa71ff27fc2769a1b78a27578f13a17b -> 
  custom:container-demuxer-webm: 4f35f7cbe854078d1ac9338744f61a02 -> 
  custom:video-encoder-webm-vp8: eb34c28f22e8b96e1ab97ce403110664 -> 
  custom:audio-encoder-webm-vorbis: bf7c407c2cedff20999df2af8eb42d56 -> 
  custom:framework-win-MediaFoundation: 216162199b28c13a410421893ffa2e32 -> 
  custom:container-demuxer-ogg: 62fdf1f143b41e24485cea50d1cbac27 -> 
  custom:video-decoder-webm-vp8: 9c59270c3fd7afecdb556c50c9e8de78 -> 
  custom:audio-decoder-ogg-vorbis: bf7c407c2cedff20999df2af8eb42d56 -> 
