Using pre-set license
Built from '2021.3/staging' branch; Version is '2021.3.14f1 (eee1884e7226) revision 15655304'; Using compiler version '192829333'; Build Type 'Release'
OS: 'Windows 10  (10.0.19045) 64bit Education' Language: 'ko' Physical Memory: 16318 MB
BatchMode: 1, IsHumanControllingUs: 0, StartBugReporterOnCrash: 0, Is64bit: 1, IsPro: 1

COMMAND LINE ARGUMENTS:
C:\Program Files\Unity\Hub\Editor\2021.3.14f1\Editor\Unity.exe
-adb2
-batchMode
-noUpm
-name
AssetImportWorker4
-projectPath
C:/Users/Administrator/Desktop/유니티 3 수업/Endless Run
-logFile
Logs/AssetImportWorker4.log
-srvPort
61471
Successfully changed project path to: C:/Users/Administrator/Desktop/유니티 3 수업/Endless Run
C:/Users/Administrator/Desktop/유니티 3 수업/Endless Run
[UnityMemory] Configuration Parameters - Can be set up in boot.config
    "memorysetup-bucket-allocator-granularity=16"
    "memorysetup-bucket-allocator-bucket-count=8"
    "memorysetup-bucket-allocator-block-size=33554432"
    "memorysetup-bucket-allocator-block-count=8"
    "memorysetup-main-allocator-block-size=16777216"
    "memorysetup-thread-allocator-block-size=16777216"
    "memorysetup-gfx-main-allocator-block-size=16777216"
    "memorysetup-gfx-thread-allocator-block-size=16777216"
    "memorysetup-cache-allocator-block-size=4194304"
    "memorysetup-typetree-allocator-block-size=2097152"
    "memorysetup-profiler-bucket-allocator-granularity=16"
    "memorysetup-profiler-bucket-allocator-bucket-count=8"
    "memorysetup-profiler-bucket-allocator-block-size=33554432"
    "memorysetup-profiler-bucket-allocator-block-count=8"
    "memorysetup-profiler-allocator-block-size=16777216"
    "memorysetup-profiler-editor-allocator-block-size=1048576"
    "memorysetup-temp-allocator-size-main=16777216"
    "memorysetup-job-temp-allocator-block-size=2097152"
    "memorysetup-job-temp-allocator-block-size-background=1048576"
    "memorysetup-job-temp-allocator-reduction-small-platforms=262144"
    "memorysetup-temp-allocator-size-background-worker=32768"
    "memorysetup-temp-allocator-size-job-worker=262144"
    "memorysetup-temp-allocator-size-preload-manager=33554432"
    "memorysetup-temp-allocator-size-nav-mesh-worker=65536"
    "memorysetup-temp-allocator-size-audio-worker=65536"
    "memorysetup-temp-allocator-size-cloud-worker=32768"
    "memorysetup-temp-allocator-size-gi-baking-worker=262144"
    "memorysetup-temp-allocator-size-gfx=262144"
Refreshing native plugins compatible for Editor in 98.82 ms, found 3 plugins.
Preloading 0 native plugins for Editor in 0.00 ms.
Initialize engine version: 2021.3.14f1 (eee1884e7226)
[Subsystems] Discovering subsystems at path C:/Program Files/Unity/Hub/Editor/2021.3.14f1/Editor/Data/Resources/UnitySubsystems
[Subsystems] Discovering subsystems at path C:/Users/Administrator/Desktop/유니티 3 수업/Endless Run/Assets
GfxDevice: creating device client; threaded=0; jobified=0
Direct3D:
    Version:  Direct3D 11.0 [level 11.1]
    Renderer: NVIDIA GeForce GTX 1660 (ID=0x2184)
    Vendor:   NVIDIA
    VRAM:     5980 MB
    Driver:   31.0.15.3623
Initialize mono
Mono path[0] = 'C:/Program Files/Unity/Hub/Editor/2021.3.14f1/Editor/Data/Managed'
Mono path[1] = 'C:/Program Files/Unity/Hub/Editor/2021.3.14f1/Editor/Data/MonoBleedingEdge/lib/mono/unityjit-win32'
Mono config path = 'C:/Program Files/Unity/Hub/Editor/2021.3.14f1/Editor/Data/MonoBleedingEdge/etc'
Using monoOptions --debugger-agent=transport=dt_socket,embedding=1,server=y,suspend=n,address=127.0.0.1:56336
Begin MonoManager ReloadAssembly
Registering precompiled unity dll's ...
Register platform support module: C:/Program Files/Unity/Hub/Editor/2021.3.14f1/Editor/Data/PlaybackEngines/AndroidPlayer/UnityEditor.Android.Extensions.dll
Register platform support module: C:/Program Files/Unity/Hub/Editor/2021.3.14f1/Editor/Data/PlaybackEngines/WindowsStandaloneSupport/UnityEditor.WindowsStandalone.Extensions.dll
Registered in 0.008591 seconds.
Native extension for WindowsStandalone target not found
Native extension for Android target not found
Refreshing native plugins compatible for Editor in 84.20 ms, found 3 plugins.
Preloading 0 native plugins for Editor in 0.00 ms.
Mono: successfully reloaded assembly
- Completed reload, in  0.668 seconds
Domain Reload Profiling:
	ReloadAssembly (668ms)
		BeginReloadAssembly (78ms)
			ExecutionOrderSort (0ms)
			DisableScriptedObjects (0ms)
			BackupInstance (0ms)
			ReleaseScriptingObjects (0ms)
			CreateAndSetChildDomain (1ms)
		EndReloadAssembly (482ms)
			LoadAssemblies (76ms)
			RebuildTransferFunctionScriptingTraits (0ms)
			SetupTypeCache (108ms)
			ReleaseScriptCaches (0ms)
			RebuildScriptCaches (36ms)
			SetupLoadedEditorAssemblies (284ms)
				LogAssemblyErrors (0ms)
				InitializePlatformSupportModulesInManaged (54ms)
				SetLoadedEditorAssemblies (0ms)
				RefreshPlugins (84ms)
				BeforeProcessingInitializeOnLoad (1ms)
				ProcessInitializeOnLoadAttributes (99ms)
				ProcessInitializeOnLoadMethodAttributes (45ms)
				AfterProcessingInitializeOnLoad (0ms)
				EditorAssembliesLoaded (0ms)
			ExecutionOrderSort2 (0ms)
			AwakeInstancesAfterBackupRestoration (0ms)
Platform modules already initialized, skipping
Registering precompiled user dll's ...
Registered in 0.006452 seconds.
Begin MonoManager ReloadAssembly
Symbol file LoadedFromMemory doesn't match image C:\Users\Administrator\Desktop\유니티 3 수업\Endless Run\Library\PackageCache\com.unity.visualscripting@1.7.8\Editor\VisualScripting.Core\Dependencies\YamlDotNet\Unity.VisualScripting.YamlDotNet.dll
Symbol file LoadedFromMemory doesn't match image C:\Users\Administrator\Desktop\유니티 3 수업\Endless Run\Library\PackageCache\com.unity.visualscripting@1.7.8\Editor\VisualScripting.Core\Dependencies\DotNetZip\Unity.VisualScripting.IonicZip.dll
Native extension for WindowsStandalone target not found
Native extension for Android target not found
Refreshing native plugins compatible for Editor in 0.66 ms, found 3 plugins.
Preloading 0 native plugins for Editor in 0.00 ms.
Mono: successfully reloaded assembly
- Completed reload, in  1.136 seconds
Domain Reload Profiling:
	ReloadAssembly (1136ms)
		BeginReloadAssembly (218ms)
			ExecutionOrderSort (0ms)
			DisableScriptedObjects (5ms)
			BackupInstance (0ms)
			ReleaseScriptingObjects (0ms)
			CreateAndSetChildDomain (126ms)
		EndReloadAssembly (807ms)
			LoadAssemblies (88ms)
			RebuildTransferFunctionScriptingTraits (0ms)
			SetupTypeCache (259ms)
			ReleaseScriptCaches (1ms)
			RebuildScriptCaches (52ms)
			SetupLoadedEditorAssemblies (374ms)
				LogAssemblyErrors (0ms)
				InitializePlatformSupportModulesInManaged (16ms)
				SetLoadedEditorAssemblies (0ms)
				RefreshPlugins (1ms)
				BeforeProcessingInitializeOnLoad (96ms)
				ProcessInitializeOnLoadAttributes (228ms)
				ProcessInitializeOnLoadMethodAttributes (24ms)
				AfterProcessingInitializeOnLoad (9ms)
				EditorAssembliesLoaded (0ms)
			ExecutionOrderSort2 (0ms)
			AwakeInstancesAfterBackupRestoration (7ms)
Platform modules already initialized, skipping
========================================================================
Worker process is ready to serve import requests
Launched and connected shader compiler UnityShaderCompiler.exe after 0.05 seconds
Refreshing native plugins compatible for Editor in 1.14 ms, found 3 plugins.
Preloading 0 native plugins for Editor in 0.00 ms.
Unloading 3378 Unused Serialized files (Serialized files now loaded: 0)
Unloading 27 unused Assets / (113.7 KB). Loaded Objects now: 3843.
Memory consumption went from 126.1 MB to 126.0 MB.
Total: 3.290400 ms (FindLiveObjects: 0.262500 ms CreateObjectMapping: 0.176200 ms MarkObjects: 2.742700 ms  DeleteObjects: 0.107500 ms)

AssetImportParameters requested are different than current active one (requested -> active):
  custom:video-decoder-ogg-theora: a1e56fd34408186e4bbccfd4996cb3dc -> 
  custom:container-muxer-webm: aa71ff27fc2769a1b78a27578f13a17b -> 
  custom:container-demuxer-webm: 4f35f7cbe854078d1ac9338744f61a02 -> 
  custom:video-encoder-webm-vp8: eb34c28f22e8b96e1ab97ce403110664 -> 
  custom:audio-encoder-webm-vorbis: bf7c407c2cedff20999df2af8eb42d56 -> 
  custom:framework-win-MediaFoundation: 216162199b28c13a410421893ffa2e32 -> 
  custom:container-demuxer-ogg: 62fdf1f143b41e24485cea50d1cbac27 -> 
  custom:video-decoder-webm-vp8: 9c59270c3fd7afecdb556c50c9e8de78 -> 
  custom:audio-decoder-ogg-vorbis: bf7c407c2cedff20999df2af8eb42d56 -> 
========================================================================
Received Import Request.
  Time since last request: 363554.293182 seconds.
  path: Assets/Prefabs/Variants/Roof Variant.prefab
  artifactKey: Guid(d811e11878967e54e9437a89eafb87ba) Importer(815301076,1909f56bfc062723c751e8b465ee728b)
Start importing Assets/Prefabs/Variants/Roof Variant.prefab using Guid(d811e11878967e54e9437a89eafb87ba) Importer(815301076,1909f56bfc062723c751e8b465ee728b)  -> (artifact id: 'd4a1f08556d9010ac35885119ca1ae1c') in 0.114351 seconds 
========================================================================
Received Import Request.
  Time since last request: 36.859364 seconds.
  path: Assets/Prefabs/Variants/Obstacle.prefab
  artifactKey: Guid(ebb35300769c2364bb97a6878aa3e14b) Importer(815301076,1909f56bfc062723c751e8b465ee728b)
Start importing Assets/Prefabs/Variants/Obstacle.prefab using Guid(ebb35300769c2364bb97a6878aa3e14b) Importer(815301076,1909f56bfc062723c751e8b465ee728b)  -> (artifact id: 'fcfbdf12d0b248df921e675204953386') in 0.009357 seconds 
========================================================================
Received Import Request.
  Time since last request: 0.019779 seconds.
  path: Assets/Prefabs/Variants/Fence Variant.prefab
  artifactKey: Guid(e1c64bd137d688443954e5f9068af5ee) Importer(815301076,1909f56bfc062723c751e8b465ee728b)
Start importing Assets/Prefabs/Variants/Fence Variant.prefab using Guid(e1c64bd137d688443954e5f9068af5ee) Importer(815301076,1909f56bfc062723c751e8b465ee728b)  -> (artifact id: 'c262bfd1022d3a25e9b5a524ef75fea1') in 0.010219 seconds 
========================================================================
Received Import Request.
  Time since last request: 3.932974 seconds.
  path: Assets/SimplePoly City - Low Poly Assets/Models/Vehicle_SUV_separate.fbx
  artifactKey: Guid(1592d15b209482a419d7871e61ae4e5e) Importer(815301076,1909f56bfc062723c751e8b465ee728b)
Start importing Assets/SimplePoly City - Low Poly Assets/Models/Vehicle_SUV_separate.fbx using Guid(1592d15b209482a419d7871e61ae4e5e) Importer(815301076,1909f56bfc062723c751e8b465ee728b)  -> (artifact id: 'b4ad6605f0e6a775a4239de9fc79cd23') in 0.114688 seconds 
========================================================================
Received Import Request.
  Time since last request: 0.000046 seconds.
  path: Assets/Items/Card/Models/Card.fbx
  artifactKey: Guid(4c774eacc8336154eb814ed9086f3df7) Importer(815301076,1909f56bfc062723c751e8b465ee728b)
Start importing Assets/Items/Card/Models/Card.fbx using Guid(4c774eacc8336154eb814ed9086f3df7) Importer(815301076,1909f56bfc062723c751e8b465ee728b)  -> (artifact id: 'fe89b4163fd23de484065f245bb684bd') in 0.063084 seconds 
========================================================================
Received Import Request.
  Time since last request: 0.370060 seconds.
  path: Assets/SimplePoly City - Low Poly Assets/Models/Vehicle_Ambulance_separate.fbx
  artifactKey: Guid(1acbee872179ec040aac4503ec160fd9) Importer(815301076,1909f56bfc062723c751e8b465ee728b)
Start importing Assets/SimplePoly City - Low Poly Assets/Models/Vehicle_Ambulance_separate.fbx using Guid(1acbee872179ec040aac4503ec160fd9) Importer(815301076,1909f56bfc062723c751e8b465ee728b)  -> (artifact id: '0e3513161e16f10e4ff693b68698fc64') in 0.074105 seconds 
========================================================================
Received Import Request.
  Time since last request: 0.000032 seconds.
  path: Assets/SimplePoly City - Low Poly Assets/Models/Vehicle_Bus_separate.fbx
  artifactKey: Guid(bec0886ced73844469c2edf3ebb4b047) Importer(815301076,1909f56bfc062723c751e8b465ee728b)
Start importing Assets/SimplePoly City - Low Poly Assets/Models/Vehicle_Bus_separate.fbx using Guid(bec0886ced73844469c2edf3ebb4b047) Importer(815301076,1909f56bfc062723c751e8b465ee728b)  -> (artifact id: '3a7952e605a1d3b28698eec69c90f65a') in 0.074080 seconds 
========================================================================
Received Import Request.
  Time since last request: 0.876223 seconds.
  path: Assets/Prefabs/Variants/Obstacle.prefab
  artifactKey: Guid(ebb35300769c2364bb97a6878aa3e14b) Importer(815301076,1909f56bfc062723c751e8b465ee728b)
Start importing Assets/Prefabs/Variants/Obstacle.prefab using Guid(ebb35300769c2364bb97a6878aa3e14b) Importer(815301076,1909f56bfc062723c751e8b465ee728b)  -> (artifact id: '59a8acf2120db92c4deed6bbca8c2690') in 0.003699 seconds 
========================================================================
Received Import Request.
  Time since last request: 0.020122 seconds.
  path: Assets/Prefabs/Variants/Fence Variant.prefab
  artifactKey: Guid(e1c64bd137d688443954e5f9068af5ee) Importer(815301076,1909f56bfc062723c751e8b465ee728b)
Start importing Assets/Prefabs/Variants/Fence Variant.prefab using Guid(e1c64bd137d688443954e5f9068af5ee) Importer(815301076,1909f56bfc062723c751e8b465ee728b)  -> (artifact id: 'aaf89c273038ab3fe15f97c4c2e986f5') in 0.004246 seconds 
========================================================================
Received Import Request.
  Time since last request: 12.955388 seconds.
  path: Assets/Effects/Magic effects pack/Materials/Electro.mat
  artifactKey: Guid(410fa9a27b8dd1f4989dd201babd7d76) Importer(815301076,1909f56bfc062723c751e8b465ee728b)
Start importing Assets/Effects/Magic effects pack/Materials/Electro.mat using Guid(410fa9a27b8dd1f4989dd201babd7d76) Importer(815301076,1909f56bfc062723c751e8b465ee728b)  -> (artifact id: '999f4da7ec272b953ce7ddb9886ff621') in 0.050026 seconds 
========================================================================
Received Import Request.
  Time since last request: 0.013852 seconds.
  path: Assets/Effects/Magic effects pack/Materials/Circle.mat
  artifactKey: Guid(4bab0f95134663b4c9c3dd73939c0ff1) Importer(815301076,1909f56bfc062723c751e8b465ee728b)
Start importing Assets/Effects/Magic effects pack/Materials/Circle.mat using Guid(4bab0f95134663b4c9c3dd73939c0ff1) Importer(815301076,1909f56bfc062723c751e8b465ee728b)  -> (artifact id: '6591a60b22ea1676dbe02348553e07bf') in 0.013985 seconds 
========================================================================
Received Import Request.
  Time since last request: 0.449827 seconds.
  path: Assets/Effects/Magic effects pack/Materials/Arrow1.mat
  artifactKey: Guid(00b2a55319476cf40b84578eb2f8c2df) Importer(815301076,1909f56bfc062723c751e8b465ee728b)
Start importing Assets/Effects/Magic effects pack/Materials/Arrow1.mat using Guid(00b2a55319476cf40b84578eb2f8c2df) Importer(815301076,1909f56bfc062723c751e8b465ee728b)  -> (artifact id: '3b888430122faf699ad3cb4dd63015ed') in 0.014891 seconds 
========================================================================
Received Import Request.
  Time since last request: 0.695652 seconds.
  path: Assets/Prefabs/Variants/Obstacle.prefab
  artifactKey: Guid(ebb35300769c2364bb97a6878aa3e14b) Importer(815301076,1909f56bfc062723c751e8b465ee728b)
Start importing Assets/Prefabs/Variants/Obstacle.prefab using Guid(ebb35300769c2364bb97a6878aa3e14b) Importer(815301076,1909f56bfc062723c751e8b465ee728b)  -> (artifact id: 'b757361205aa2ecebc9b07037324cb58') in 0.003421 seconds 
========================================================================
Received Import Request.
  Time since last request: 0.025152 seconds.
  path: Assets/Prefabs/Variants/Fence Variant.prefab
  artifactKey: Guid(e1c64bd137d688443954e5f9068af5ee) Importer(815301076,1909f56bfc062723c751e8b465ee728b)
Start importing Assets/Prefabs/Variants/Fence Variant.prefab using Guid(e1c64bd137d688443954e5f9068af5ee) Importer(815301076,1909f56bfc062723c751e8b465ee728b)  -> (artifact id: 'e820d279813ef03f8d8c382574baca1f') in 0.004231 seconds 
========================================================================
Received Import Request.
  Time since last request: 77.905352 seconds.
  path: Assets/Prefabs/Variants/Fence Variant.prefab
  artifactKey: Guid(e1c64bd137d688443954e5f9068af5ee) Importer(815301076,1909f56bfc062723c751e8b465ee728b)
Start importing Assets/Prefabs/Variants/Fence Variant.prefab using Guid(e1c64bd137d688443954e5f9068af5ee) Importer(815301076,1909f56bfc062723c751e8b465ee728b)  -> (artifact id: '7b70df3cfb3c064766864b7f001a4e84') in 0.012762 seconds 
========================================================================
Received Import Request.
  Time since last request: 10.200675 seconds.
  path: Assets/Prefabs/Variants/Fence Variant.prefab
  artifactKey: Guid(e1c64bd137d688443954e5f9068af5ee) Importer(815301076,1909f56bfc062723c751e8b465ee728b)
Start importing Assets/Prefabs/Variants/Fence Variant.prefab using Guid(e1c64bd137d688443954e5f9068af5ee) Importer(815301076,1909f56bfc062723c751e8b465ee728b)  -> (artifact id: '4b32a5331c9f318830da9ed43df2e6fc') in 0.013933 seconds 
========================================================================
Received Import Request.
  Time since last request: 45.617048 seconds.
  path: Assets/Prefabs/Variants/Fence Variant.prefab
  artifactKey: Guid(e1c64bd137d688443954e5f9068af5ee) Importer(815301076,1909f56bfc062723c751e8b465ee728b)
Start importing Assets/Prefabs/Variants/Fence Variant.prefab using Guid(e1c64bd137d688443954e5f9068af5ee) Importer(815301076,1909f56bfc062723c751e8b465ee728b)  -> (artifact id: '4b22f20b555cdd4f676f92f4f9144406') in 0.010276 seconds 
========================================================================
Received Import Request.
  Time since last request: 55.192419 seconds.
  path: Assets/Prefabs/Variants/Obstacle.prefab
  artifactKey: Guid(ebb35300769c2364bb97a6878aa3e14b) Importer(815301076,1909f56bfc062723c751e8b465ee728b)
Start importing Assets/Prefabs/Variants/Obstacle.prefab using Guid(ebb35300769c2364bb97a6878aa3e14b) Importer(815301076,1909f56bfc062723c751e8b465ee728b)  -> (artifact id: '7c2cce6dc7775c2c77da50dbf25132d7') in 0.003813 seconds 
========================================================================
Received Import Request.
  Time since last request: 0.030967 seconds.
  path: Assets/Prefabs/Variants/Fence Variant.prefab
  artifactKey: Guid(e1c64bd137d688443954e5f9068af5ee) Importer(815301076,1909f56bfc062723c751e8b465ee728b)
Start importing Assets/Prefabs/Variants/Fence Variant.prefab using Guid(e1c64bd137d688443954e5f9068af5ee) Importer(815301076,1909f56bfc062723c751e8b465ee728b)  -> (artifact id: '1a1839ebbfcca35cb4f0d8c933b274d3') in 0.010088 seconds 
========================================================================
Received Import Request.
  Time since last request: 137.558292 seconds.
  path: Assets/Scenes/Game Scene.unity
  artifactKey: Guid(9fc0d4010bbf28b4594072e72b8655ab) Importer(815301076,1909f56bfc062723c751e8b465ee728b)
Start importing Assets/Scenes/Game Scene.unity using Guid(9fc0d4010bbf28b4594072e72b8655ab) Importer(815301076,1909f56bfc062723c751e8b465ee728b)  -> (artifact id: 'ae17a7b3825d1861d2a74c263e92724a') in 0.005591 seconds 
========================================================================
Received Import Request.
  Time since last request: 72.202022 seconds.
  path: Assets/Scenes/Prafab Variant.unity
  artifactKey: Guid(f2355ae9eb997ce48b8032aa3fd9c379) Importer(815301076,1909f56bfc062723c751e8b465ee728b)
Start importing Assets/Scenes/Prafab Variant.unity using Guid(f2355ae9eb997ce48b8032aa3fd9c379) Importer(815301076,1909f56bfc062723c751e8b465ee728b)  -> (artifact id: 'd79963dae8b1e61087eebbb4587df5e2') in 0.002684 seconds 
========================================================================
Received Prepare
Registering precompiled user dll's ...
Registered in 0.006299 seconds.
Begin MonoManager ReloadAssembly
Symbol file LoadedFromMemory doesn't match image C:\Users\Administrator\Desktop\유니티 3 수업\Endless Run\Library\PackageCache\com.unity.visualscripting@1.7.8\Editor\VisualScripting.Core\Dependencies\YamlDotNet\Unity.VisualScripting.YamlDotNet.dll
Symbol file LoadedFromMemory doesn't match image C:\Users\Administrator\Desktop\유니티 3 수업\Endless Run\Library\PackageCache\com.unity.visualscripting@1.7.8\Editor\VisualScripting.Core\Dependencies\DotNetZip\Unity.VisualScripting.IonicZip.dll
Native extension for WindowsStandalone target not found
Native extension for Android target not found
Refreshing native plugins compatible for Editor in 0.98 ms, found 3 plugins.
Preloading 0 native plugins for Editor in 0.00 ms.
Mono: successfully reloaded assembly
- Completed reload, in  1.062 seconds
Domain Reload Profiling:
	ReloadAssembly (1063ms)
		BeginReloadAssembly (147ms)
			ExecutionOrderSort (0ms)
			DisableScriptedObjects (8ms)
			BackupInstance (0ms)
			ReleaseScriptingObjects (0ms)
			CreateAndSetChildDomain (39ms)
		EndReloadAssembly (809ms)
			LoadAssemblies (104ms)
			RebuildTransferFunctionScriptingTraits (0ms)
			SetupTypeCache (292ms)
			ReleaseScriptCaches (1ms)
			RebuildScriptCaches (43ms)
			SetupLoadedEditorAssemblies (330ms)
				LogAssemblyErrors (0ms)
				InitializePlatformSupportModulesInManaged (24ms)
				SetLoadedEditorAssemblies (1ms)
				RefreshPlugins (1ms)
				BeforeProcessingInitializeOnLoad (77ms)
				ProcessInitializeOnLoadAttributes (195ms)
				ProcessInitializeOnLoadMethodAttributes (24ms)
				AfterProcessingInitializeOnLoad (9ms)
				EditorAssembliesLoaded (0ms)
			ExecutionOrderSort2 (0ms)
			AwakeInstancesAfterBackupRestoration (7ms)
Platform modules already initialized, skipping
Refreshing native plugins compatible for Editor in 1.84 ms, found 3 plugins.
Preloading 0 native plugins for Editor in 0.00 ms.
Unloading 3360 Unused Serialized files (Serialized files now loaded: 0)
Unloading 20 unused Assets / (80.7 KB). Loaded Objects now: 3891.
Memory consumption went from 129.5 MB to 129.4 MB.
Total: 3.474100 ms (FindLiveObjects: 0.275900 ms CreateObjectMapping: 0.266000 ms MarkObjects: 2.813400 ms  DeleteObjects: 0.117500 ms)

AssetImportParameters requested are different than current active one (requested -> active):
  custom:video-decoder-ogg-theora: a1e56fd34408186e4bbccfd4996cb3dc -> 
  custom:container-muxer-webm: aa71ff27fc2769a1b78a27578f13a17b -> 
  custom:container-demuxer-webm: 4f35f7cbe854078d1ac9338744f61a02 -> 
  custom:video-encoder-webm-vp8: eb34c28f22e8b96e1ab97ce403110664 -> 
  custom:audio-encoder-webm-vorbis: bf7c407c2cedff20999df2af8eb42d56 -> 
  custom:framework-win-MediaFoundation: 216162199b28c13a410421893ffa2e32 -> 
  custom:container-demuxer-ogg: 62fdf1f143b41e24485cea50d1cbac27 -> 
  custom:video-decoder-webm-vp8: 9c59270c3fd7afecdb556c50c9e8de78 -> 
  custom:audio-decoder-ogg-vorbis: bf7c407c2cedff20999df2af8eb42d56 -> 
